This is XeTeX, Version 3.141592653-2.6-0.999993 (TeX Live 2021) (preloaded format=xelatex 2021.11.13)  15 NOV 2021 10:02
entering extended mode
 restricted \write18 enabled.
 %&-line parsing enabled.
**bookdown-demo.tex
(./bookdown-demo.tex
LaTeX2e <2021-11-15>
L3 programming layer <2021-11-12> (/home/andrea/.TinyTeX/texmf-dist/tex/latex/b
ase/book.cls
Document Class: book 2021/10/04 v1.4n Standard LaTeX document class
(/home/andrea/.TinyTeX/texmf-dist/tex/latex/base/bk10.clo
File: bk10.clo 2021/10/04 v1.4n Standard LaTeX file (size option)
)
\c@part=\count179
\c@chapter=\count180
\c@section=\count181
\c@subsection=\count182
\c@subsubsection=\count183
\c@paragraph=\count184
\c@subparagraph=\count185
\c@figure=\count186
\c@table=\count187
\abovecaptionskip=\skip47
\belowcaptionskip=\skip48
\bibindent=\dimen138
) (/home/andrea/.TinyTeX/texmf-dist/tex/latex/lm/lmodern.sty
Package: lmodern 2015/05/01 v1.6.1 Latin Modern Fonts
LaTeX Font Info:    Overwriting symbol font `operators' in version `normal'
(Font)                  OT1/cmr/m/n --> OT1/lmr/m/n on input line 22.
LaTeX Font Info:    Overwriting symbol font `letters' in version `normal'
(Font)                  OML/cmm/m/it --> OML/lmm/m/it on input line 23.
LaTeX Font Info:    Overwriting symbol font `symbols' in version `normal'
(Font)                  OMS/cmsy/m/n --> OMS/lmsy/m/n on input line 24.
LaTeX Font Info:    Overwriting symbol font `largesymbols' in version `normal'
(Font)                  OMX/cmex/m/n --> OMX/lmex/m/n on input line 25.
LaTeX Font Info:    Overwriting symbol font `operators' in version `bold'
(Font)                  OT1/cmr/bx/n --> OT1/lmr/bx/n on input line 26.
LaTeX Font Info:    Overwriting symbol font `letters' in version `bold'
(Font)                  OML/cmm/b/it --> OML/lmm/b/it on input line 27.
LaTeX Font Info:    Overwriting symbol font `symbols' in version `bold'
(Font)                  OMS/cmsy/b/n --> OMS/lmsy/b/n on input line 28.
LaTeX Font Info:    Overwriting symbol font `largesymbols' in version `bold'
(Font)                  OMX/cmex/m/n --> OMX/lmex/m/n on input line 29.
LaTeX Font Info:    Overwriting math alphabet `\mathbf' in version `normal'
(Font)                  OT1/cmr/bx/n --> OT1/lmr/bx/n on input line 31.
LaTeX Font Info:    Overwriting math alphabet `\mathsf' in version `normal'
(Font)                  OT1/cmss/m/n --> OT1/lmss/m/n on input line 32.
LaTeX Font Info:    Overwriting math alphabet `\mathit' in version `normal'
(Font)                  OT1/cmr/m/it --> OT1/lmr/m/it on input line 33.
LaTeX Font Info:    Overwriting math alphabet `\mathtt' in version `normal'
(Font)                  OT1/cmtt/m/n --> OT1/lmtt/m/n on input line 34.
LaTeX Font Info:    Overwriting math alphabet `\mathbf' in version `bold'
(Font)                  OT1/cmr/bx/n --> OT1/lmr/bx/n on input line 35.
LaTeX Font Info:    Overwriting math alphabet `\mathsf' in version `bold'
(Font)                  OT1/cmss/bx/n --> OT1/lmss/bx/n on input line 36.
LaTeX Font Info:    Overwriting math alphabet `\mathit' in version `bold'
(Font)                  OT1/cmr/bx/it --> OT1/lmr/bx/it on input line 37.
LaTeX Font Info:    Overwriting math alphabet `\mathtt' in version `bold'
(Font)                  OT1/cmtt/m/n --> OT1/lmtt/m/n on input line 38.
) (/home/andrea/.TinyTeX/texmf-dist/tex/latex/amsfonts/amssymb.sty
Package: amssymb 2013/01/14 v3.01 AMS font symbols
(/home/andrea/.TinyTeX/texmf-dist/tex/latex/amsfonts/amsfonts.sty
Package: amsfonts 2013/01/14 v3.01 Basic AMSFonts support
\@emptytoks=\toks16
\symAMSa=\mathgroup4
\symAMSb=\mathgroup5
LaTeX Font Info:    Redeclaring math symbol \hbar on input line 98.
LaTeX Font Info:    Overwriting math alphabet `\mathfrak' in version `bold'
(Font)                  U/euf/m/n --> U/euf/b/n on input line 106.
)) (/home/andrea/.TinyTeX/texmf-dist/tex/latex/amsmath/amsmath.sty
Package: amsmath 2021/10/15 v2.17l AMS math features
\@mathmargin=\skip49
For additional information on amsmath, use the `?' option.
(/home/andrea/.TinyTeX/texmf-dist/tex/latex/amsmath/amstext.sty
Package: amstext 2021/08/26 v2.01 AMS text
(/home/andrea/.TinyTeX/texmf-dist/tex/latex/amsmath/amsgen.sty
File: amsgen.sty 1999/11/30 v2.0 generic functions
\@emptytoks=\toks17
\ex@=\dimen139
)) (/home/andrea/.TinyTeX/texmf-dist/tex/latex/amsmath/amsbsy.sty
Package: amsbsy 1999/11/29 v1.2d Bold Symbols
\pmbraise@=\dimen140
) (/home/andrea/.TinyTeX/texmf-dist/tex/latex/amsmath/amsopn.sty
Package: amsopn 2021/08/26 v2.02 operator names
)
\inf@bad=\count188
LaTeX Info: Redefining \frac on input line 234.
\uproot@=\count189
\leftroot@=\count190
LaTeX Info: Redefining \overline on input line 399.
\classnum@=\count191
\DOTSCASE@=\count192
LaTeX Info: Redefining \ldots on input line 496.
LaTeX Info: Redefining \dots on input line 499.
LaTeX Info: Redefining \cdots on input line 620.
\Mathstrutbox@=\box50
\strutbox@=\box51
\big@size=\dimen141
LaTeX Font Info:    Redeclaring font encoding OML on input line 743.
LaTeX Font Info:    Redeclaring font encoding OMS on input line 744.
\macc@depth=\count193
\c@MaxMatrixCols=\count194
\dotsspace@=\muskip16
\c@parentequation=\count195
\dspbrk@lvl=\count196
\tag@help=\toks18
\row@=\count197
\column@=\count198
\maxfields@=\count199
\andhelp@=\toks19
\eqnshift@=\dimen142
\alignsep@=\dimen143
\tagshift@=\dimen144
\tagwidth@=\dimen145
\totwidth@=\dimen146
\lineht@=\dimen147
\@envbody=\toks20
\multlinegap=\skip50
\multlinetaggap=\skip51
\mathdisplay@stack=\toks21
LaTeX Info: Redefining \[ on input line 2938.
LaTeX Info: Redefining \] on input line 2939.
) (/home/andrea/.TinyTeX/texmf-dist/tex/generic/iftex/ifxetex.sty
Package: ifxetex 2019/10/25 v0.7 ifxetex legacy package. Use iftex instead.
(/home/andrea/.TinyTeX/texmf-dist/tex/generic/iftex/iftex.sty
Package: iftex 2020/03/06 v1.0d TeX engine tests
)) (/home/andrea/.TinyTeX/texmf-dist/tex/generic/iftex/ifluatex.sty
Package: ifluatex 2019/10/25 v1.5 ifluatex legacy package. Use iftex instead.
) (/home/andrea/.TinyTeX/texmf-dist/tex/latex/unicode-math/unicode-math.sty (/h
ome/andrea/.TinyTeX/texmf-dist/tex/latex/l3kernel/expl3.sty
Package: expl3 2021-11-12 L3 programming layer (loader) 
(/home/andrea/.TinyTeX/texmf-dist/tex/latex/l3backend/l3backend-xetex.def
File: l3backend-xetex.def 2021-10-18 L3 backend support: XeTeX
(|extractbb --version)
\c__kernel_sys_dvipdfmx_version_int=\count266
\l__color_backend_stack_int=\count267
\g__color_backend_stack_int=\count268
\g__graphics_track_int=\count269
\l__pdf_internal_box=\box52
\g__pdf_backend_object_int=\count270
\g__pdf_backend_annotation_int=\count271
\g__pdf_backend_link_int=\count272
))
Package: unicode-math 2020/01/31 v0.8q Unicode maths in XeLaTeX and LuaLaTeX

(/home/andrea/.TinyTeX/texmf-dist/tex/latex/unicode-math/unicode-math-xetex.sty
Package: unicode-math-xetex 2020/01/31 v0.8q Unicode maths in XeLaTeX and LuaLa
TeX
(/home/andrea/.TinyTeX/texmf-dist/tex/latex/l3packages/xparse/xparse.sty
Package: xparse 2021-11-12 L3 Experimental document command parser
) (/home/andrea/.TinyTeX/texmf-dist/tex/latex/l3packages/l3keys2e/l3keys2e.sty
Package: l3keys2e 2021-11-12 LaTeX2e option processing using LaTeX3 keys
) (/home/andrea/.TinyTeX/texmf-dist/tex/latex/fontspec/fontspec.sty
Package: fontspec 2020/02/21 v2.7i Font selection for XeLaTeX and LuaLaTeX
(/home/andrea/.TinyTeX/texmf-dist/tex/latex/fontspec/fontspec-xetex.sty
Package: fontspec-xetex 2020/02/21 v2.7i Font selection for XeLaTeX and LuaLaTe
X
\l__fontspec_script_int=\count273
\l__fontspec_language_int=\count274
\l__fontspec_strnum_int=\count275
\l__fontspec_tmp_int=\count276
\l__fontspec_tmpa_int=\count277
\l__fontspec_tmpb_int=\count278
\l__fontspec_tmpc_int=\count279
\l__fontspec_em_int=\count280
\l__fontspec_emdef_int=\count281
\l__fontspec_strong_int=\count282
\l__fontspec_strongdef_int=\count283
\l__fontspec_tmpa_dim=\dimen148
\l__fontspec_tmpb_dim=\dimen149
\l__fontspec_tmpc_dim=\dimen150
(/home/andrea/.TinyTeX/texmf-dist/tex/latex/base/fontenc.sty
Package: fontenc 2021/04/29 v2.0v Standard LaTeX package
) (/home/andrea/.TinyTeX/texmf-dist/tex/latex/fontspec/fontspec.cfg))) (/home/a
ndrea/.TinyTeX/texmf-dist/tex/latex/base/fix-cm.sty
Package: fix-cm 2020/11/24 v1.1t fixes to LaTeX
(/home/andrea/.TinyTeX/texmf-dist/tex/latex/base/ts1enc.def
File: ts1enc.def 2001/06/05 v3.0e (jk/car/fm) Standard LaTeX file
LaTeX Font Info:    Redeclaring font encoding TS1 on input line 47.
))
\g__um_fam_int=\count284
\g__um_fonts_used_int=\count285
\l__um_primecount_int=\count286
\g__um_primekern_muskip=\muskip17

(/home/andrea/.TinyTeX/texmf-dist/tex/latex/unicode-math/unicode-math-table.tex
))) (/home/andrea/.TinyTeX/texmf-dist/tex/latex/xcolor/xcolor.sty
Package: xcolor 2021/10/31 v2.13 LaTeX color extensions (UK)
(/home/andrea/.TinyTeX/texmf-dist/tex/latex/graphics-cfg/color.cfg
File: color.cfg 2016/01/02 v1.6 sample color configuration
)
Package xcolor Info: Driver file: xetex.def on input line 227.
(/home/andrea/.TinyTeX/texmf-dist/tex/latex/graphics-def/xetex.def
File: xetex.def 2021/03/18 v5.0k Graphics/color driver for xetex
)
Package xcolor Info: Model `cmy' substituted by `cmy0' on input line 1352.
Package xcolor Info: Model `RGB' extended on input line 1368.
Package xcolor Info: Model `HTML' substituted by `rgb' on input line 1370.
Package xcolor Info: Model `Hsb' substituted by `hsb' on input line 1371.
Package xcolor Info: Model `tHsb' substituted by `hsb' on input line 1372.
Package xcolor Info: Model `HSB' substituted by `hsb' on input line 1373.
Package xcolor Info: Model `Gray' substituted by `gray' on input line 1374.
Package xcolor Info: Model `wave' substituted by `hsb' on input line 1375.
) (/home/andrea/.TinyTeX/texmf-dist/tex/latex/bookmark/bookmark.sty
Package: bookmark 2020-11-06 v1.29 PDF bookmarks (HO)
(/home/andrea/.TinyTeX/texmf-dist/tex/latex/hyperref/hyperref.sty
Package: hyperref 2021-06-07 v7.00m Hypertext links for LaTeX
(/home/andrea/.TinyTeX/texmf-dist/tex/generic/ltxcmds/ltxcmds.sty
Package: ltxcmds 2020-05-10 v1.25 LaTeX kernel commands for general use (HO)
) (/home/andrea/.TinyTeX/texmf-dist/tex/generic/pdftexcmds/pdftexcmds.sty
Package: pdftexcmds 2020-06-27 v0.33 Utility functions of pdfTeX for LuaTeX (HO
)
(/home/andrea/.TinyTeX/texmf-dist/tex/generic/infwarerr/infwarerr.sty
Package: infwarerr 2019/12/03 v1.5 Providing info/warning/error messages (HO)
)
Package pdftexcmds Info: \pdf@primitive is available.
Package pdftexcmds Info: \pdf@ifprimitive is available.
Package pdftexcmds Info: \pdfdraftmode not found.
) (/home/andrea/.TinyTeX/texmf-dist/tex/latex/graphics/keyval.sty
Package: keyval 2014/10/28 v1.15 key=value parser (DPC)
\KV@toks@=\toks22
) (/home/andrea/.TinyTeX/texmf-dist/tex/generic/kvsetkeys/kvsetkeys.sty
Package: kvsetkeys 2019/12/15 v1.18 Key value parser (HO)
) (/home/andrea/.TinyTeX/texmf-dist/tex/generic/kvdefinekeys/kvdefinekeys.sty
Package: kvdefinekeys 2019-12-19 v1.6 Define keys (HO)
) (/home/andrea/.TinyTeX/texmf-dist/tex/generic/pdfescape/pdfescape.sty
Package: pdfescape 2019/12/09 v1.15 Implements pdfTeX's escape features (HO)
) (/home/andrea/.TinyTeX/texmf-dist/tex/latex/hycolor/hycolor.sty
Package: hycolor 2020-01-27 v1.10 Color options for hyperref/bookmark (HO)
) (/home/andrea/.TinyTeX/texmf-dist/tex/latex/letltxmacro/letltxmacro.sty
Package: letltxmacro 2019/12/03 v1.6 Let assignment for LaTeX macros (HO)
) (/home/andrea/.TinyTeX/texmf-dist/tex/latex/auxhook/auxhook.sty
Package: auxhook 2019-12-17 v1.6 Hooks for auxiliary files (HO)
) (/home/andrea/.TinyTeX/texmf-dist/tex/latex/kvoptions/kvoptions.sty
Package: kvoptions 2020-10-07 v3.14 Key value format for package options (HO)
)
\@linkdim=\dimen151
\Hy@linkcounter=\count287
\Hy@pagecounter=\count288
(/home/andrea/.TinyTeX/texmf-dist/tex/latex/hyperref/pd1enc.def
File: pd1enc.def 2021-06-07 v7.00m Hyperref: PDFDocEncoding definition (HO)
) (/home/andrea/.TinyTeX/texmf-dist/tex/latex/hyperref/hyperref-langpatches.def
File: hyperref-langpatches.def 2021-06-07 v7.00m Hyperref: patches for babel la
nguages
) (/home/andrea/.TinyTeX/texmf-dist/tex/generic/intcalc/intcalc.sty
Package: intcalc 2019/12/15 v1.3 Expandable calculations with integers (HO)
) (/home/andrea/.TinyTeX/texmf-dist/tex/generic/etexcmds/etexcmds.sty
Package: etexcmds 2019/12/15 v1.7 Avoid name clashes with e-TeX commands (HO)
)
\Hy@SavedSpaceFactor=\count289
(/home/andrea/.TinyTeX/texmf-dist/tex/latex/hyperref/puenc.def
File: puenc.def 2021-06-07 v7.00m Hyperref: PDF Unicode definition (HO)
)
Package hyperref Info: Option `unicode' set `true' on input line 4073.
Package hyperref Info: Hyper figures OFF on input line 4192.
Package hyperref Info: Link nesting OFF on input line 4197.
Package hyperref Info: Hyper index ON on input line 4200.
Package hyperref Info: Plain pages OFF on input line 4207.
Package hyperref Info: Backreferencing OFF on input line 4212.
Package hyperref Info: Implicit mode ON; LaTeX internals redefined.
Package hyperref Info: Bookmarks ON on input line 4445.
\c@Hy@tempcnt=\count290
(/home/andrea/.TinyTeX/texmf-dist/tex/latex/url/url.sty
\Urlmuskip=\muskip18
Package: url 2013/09/16  ver 3.4  Verb mode for urls, etc.
)
LaTeX Info: Redefining \url on input line 4804.
\XeTeXLinkMargin=\dimen152
(/home/andrea/.TinyTeX/texmf-dist/tex/generic/bitset/bitset.sty
Package: bitset 2019/12/09 v1.3 Handle bit-vector datatype (HO)
(/home/andrea/.TinyTeX/texmf-dist/tex/generic/bigintcalc/bigintcalc.sty
Package: bigintcalc 2019/12/15 v1.5 Expandable calculations on big integers (HO
)
))
\Fld@menulength=\count291
\Field@Width=\dimen153
\Fld@charsize=\dimen154
Package hyperref Info: Hyper figures OFF on input line 6076.
Package hyperref Info: Link nesting OFF on input line 6081.
Package hyperref Info: Hyper index ON on input line 6084.
Package hyperref Info: backreferencing OFF on input line 6091.
Package hyperref Info: Link coloring OFF on input line 6096.
Package hyperref Info: Link coloring with OCG OFF on input line 6101.
Package hyperref Info: PDF/A mode OFF on input line 6106.
LaTeX Info: Redefining \ref on input line 6146.
LaTeX Info: Redefining \pageref on input line 6150.
(/home/andrea/.TinyTeX/texmf-dist/tex/latex/base/atbegshi-ltx.sty
Package: atbegshi-ltx 2021/01/10 v1.0c Emulation of the original atbegshi
package with kernel methods
)
\Hy@abspage=\count292
\c@Item=\count293
\c@Hfootnote=\count294
)
Package hyperref Info: Driver (autodetected): hxetex.
(/home/andrea/.TinyTeX/texmf-dist/tex/latex/hyperref/hxetex.def
File: hxetex.def 2021-06-07 v7.00m Hyperref driver for XeTeX
(/home/andrea/.TinyTeX/texmf-dist/tex/generic/stringenc/stringenc.sty
Package: stringenc 2019/11/29 v1.12 Convert strings between diff. encodings (HO
)
)
\pdfm@box=\box53
\c@Hy@AnnotLevel=\count295
\HyField@AnnotCount=\count296
\Fld@listcount=\count297
\c@bookmark@seq@number=\count298
(/home/andrea/.TinyTeX/texmf-dist/tex/latex/rerunfilecheck/rerunfilecheck.sty
Package: rerunfilecheck 2019/12/05 v1.9 Rerun checks for auxiliary files (HO)
(/home/andrea/.TinyTeX/texmf-dist/tex/latex/base/atveryend-ltx.sty
Package: atveryend-ltx 2020/08/19 v1.0a Emulation of the original atveryend pac
kage
with kernel methods
) (/home/andrea/.TinyTeX/texmf-dist/tex/generic/uniquecounter/uniquecounter.sty
Package: uniquecounter 2019/12/15 v1.4 Provide unlimited unique counter (HO)
)
Package uniquecounter Info: New unique counter `rerunfilecheck' on input line 2
86.
)
\Hy@SectionHShift=\skip52
) (/home/andrea/.TinyTeX/texmf-dist/tex/latex/bookmark/bkm-dvipdfm.def
File: bkm-dvipdfm.def 2020-11-06 v1.29 bookmark driver for dvipdfm (HO)
\BKM@id=\count299
)) (/home/andrea/.TinyTeX/texmf-dist/tex/latex/fancyvrb/fancyvrb.sty
Package: fancyvrb 2021/10/15 v3.9 verbatim text (tvz,hv)
\FV@CodeLineNo=\count300
\FV@InFile=\read2
\FV@TabBox=\box54
\c@FancyVerbLine=\count301
\FV@StepNumber=\count302
\FV@OutFile=\write3
) (/home/andrea/.TinyTeX/texmf-dist/tex/latex/framed/framed.sty
Package: framed 2011/10/22 v 0.96: framed or shaded text with page breaks
\OuterFrameSep=\skip53
\fb@frw=\dimen155
\fb@frh=\dimen156
\FrameRule=\dimen157
\FrameSep=\dimen158
) (/home/andrea/.TinyTeX/texmf-dist/tex/latex/tools/longtable.sty
Package: longtable 2021-09-01 v4.17 Multi-page Table package (DPC)
\LTleft=\skip54
\LTright=\skip55
\LTpre=\skip56
\LTpost=\skip57
\LTchunksize=\count303
\LTcapwidth=\dimen159
\LT@head=\box55
\LT@firsthead=\box56
\LT@foot=\box57
\LT@lastfoot=\box58
\LT@gbox=\box59
\LT@cols=\count304
\LT@rows=\count305
\c@LT@tables=\count306
\c@LT@chunks=\count307
\LT@p@ftn=\toks23
) (/home/andrea/.TinyTeX/texmf-dist/tex/latex/booktabs/booktabs.sty
Package: booktabs 2020/01/12 v1.61803398 Publication quality tables
\heavyrulewidth=\dimen160
\lightrulewidth=\dimen161
\cmidrulewidth=\dimen162
\belowrulesep=\dimen163
\belowbottomsep=\dimen164
\aboverulesep=\dimen165
\abovetopsep=\dimen166
\cmidrulesep=\dimen167
\cmidrulekern=\dimen168
\defaultaddspace=\dimen169
\@cmidla=\count308
\@cmidlb=\count309
\@aboverulesep=\dimen170
\@belowrulesep=\dimen171
\@thisruleclass=\count310
\@lastruleclass=\count311
\@thisrulewidth=\dimen172
) (/home/andrea/.TinyTeX/texmf-dist/tex/latex/etoolbox/etoolbox.sty
Package: etoolbox 2020/10/05 v2.5k e-TeX tools for LaTeX (JAW)
\etb@tempcnta=\count312
) (/home/andrea/.TinyTeX/texmf-dist/tex/latex/mdwtools/footnote.sty
Package: footnote 1997/01/28 1.13 Save footnotes around boxes
\fn@notes=\box60
\fn@width=\dimen173
) (/home/andrea/.TinyTeX/texmf-dist/tex/latex/graphics/graphicx.sty
Package: graphicx 2021/09/16 v1.2d Enhanced LaTeX Graphics (DPC,SPQR)
(/home/andrea/.TinyTeX/texmf-dist/tex/latex/graphics/graphics.sty
Package: graphics 2021/03/04 v1.4d Standard LaTeX Graphics (DPC,SPQR)
(/home/andrea/.TinyTeX/texmf-dist/tex/latex/graphics/trig.sty
Package: trig 2021/08/11 v1.11 sin cos tan (DPC)
) (/home/andrea/.TinyTeX/texmf-dist/tex/latex/graphics-cfg/graphics.cfg
File: graphics.cfg 2016/06/04 v1.11 sample graphics configuration
)
Package graphics Info: Driver file: xetex.def on input line 107.
)
\Gin@req@height=\dimen174
\Gin@req@width=\dimen175
) (/home/andrea/.TinyTeX/texmf-dist/tex/latex/pmboxdraw/pmboxdraw.sty
Package: pmboxdraw 2019/12/05 v1.4 Poor man's box drawing characters (HO)
\pmbd@W=\dimen176
\pmbd@H=\dimen177
\pmbd@L=\dimen178
\pmbd@Thin=\dimen179
\pmbd@Thick=\dimen180
\pmbd@Sep=\dimen181
) (/home/andrea/.TinyTeX/texmf-dist/tex/latex/float/float.sty
Package: float 2001/11/08 v1.3d Float enhancements (AL)
\c@float@type=\count313
\float@exts=\toks24
\float@box=\box61
\@float@everytoks=\toks25
\@floatcapt=\box62
) (/home/andrea/.TinyTeX/texmf-dist/tex/latex/base/ifthen.sty
Package: ifthen 2020/11/24 v1.1c Standard LaTeX ifthen package (DPC)
) (/home/andrea/.TinyTeX/texmf-dist/tex/generic/dvips/rotate.sty
\@rotdimen=\dimen182
\@rotbox=\box63
) (/home/andrea/.TinyTeX/texmf-dist/tex/latex/natbib/natbib.sty
Package: natbib 2010/09/13 8.31b (PWD, AO)
\bibhang=\skip58
\bibsep=\skip59
LaTeX Info: Redefining \cite on input line 694.
\c@NAT@ctr=\count314
) (./bookdown-demo.aux)
\openout1 = `bookdown-demo.aux'.

LaTeX Font Info:    Checking defaults for OML/cmm/m/it on input line 125.
LaTeX Font Info:    ... okay on input line 125.
LaTeX Font Info:    Checking defaults for OMS/cmsy/m/n on input line 125.
LaTeX Font Info:    ... okay on input line 125.
LaTeX Font Info:    Checking defaults for OT1/cmr/m/n on input line 125.
LaTeX Font Info:    ... okay on input line 125.
LaTeX Font Info:    Checking defaults for T1/cmr/m/n on input line 125.
LaTeX Font Info:    ... okay on input line 125.
LaTeX Font Info:    Checking defaults for TS1/cmr/m/n on input line 125.
LaTeX Font Info:    ... okay on input line 125.
LaTeX Font Info:    Checking defaults for TU/lmr/m/n on input line 125.
LaTeX Font Info:    ... okay on input line 125.
LaTeX Font Info:    Checking defaults for OMX/cmex/m/n on input line 125.
LaTeX Font Info:    ... okay on input line 125.
LaTeX Font Info:    Checking defaults for U/cmr/m/n on input line 125.
LaTeX Font Info:    ... okay on input line 125.
LaTeX Font Info:    Checking defaults for PD1/pdf/m/n on input line 125.
LaTeX Font Info:    ... okay on input line 125.
LaTeX Font Info:    Checking defaults for PU/pdf/m/n on input line 125.
LaTeX Font Info:    ... okay on input line 125.
LaTeX Font Info:    Checking defaults for pmboxdraw/pmboxdraw/m/n on input line
 125.
LaTeX Font Info:    ... okay on input line 125.
LaTeX Font Info:    Overwriting math alphabet `\mathrm' in version `normal'
(Font)                  OT1/lmr/m/n --> TU/lmr/m/n on input line 125.
LaTeX Font Info:    Overwriting math alphabet `\mathit' in version `normal'
(Font)                  OT1/lmr/m/it --> TU/lmr/m/it on input line 125.
LaTeX Font Info:    Overwriting math alphabet `\mathbf' in version `normal'
(Font)                  OT1/lmr/bx/n --> TU/lmr/bx/n on input line 125.
LaTeX Font Info:    Overwriting math alphabet `\mathsf' in version `normal'
(Font)                  OT1/lmss/m/n --> TU/lmss/m/n on input line 125.
LaTeX Font Info:    Overwriting math alphabet `\mathsf' in version `bold'
(Font)                  OT1/lmss/bx/n --> TU/lmss/bx/n on input line 125.
LaTeX Font Info:    Overwriting math alphabet `\mathtt' in version `normal'
(Font)                  OT1/lmtt/m/n --> TU/lmtt/m/n on input line 125.
LaTeX Font Info:    Overwriting math alphabet `\mathtt' in version `bold'
(Font)                  OT1/lmtt/m/n --> TU/lmtt/bx/n on input line 125.

Package fontspec Info: latinmodern-math scale = 0.9999964596882403.


Package fontspec Info: latinmodern-math scale = 0.9999964596882403.


Package fontspec Info: latinmodern-math scale = 0.9999964596882403.


Package fontspec Info: Font family 'latinmodern-math.otf(0)' created for font
(fontspec)             'latinmodern-math.otf' with options
(fontspec)             [Scale=MatchLowercase,BoldItalicFont={},ItalicFont={},Sm
allCapsFont={},Script=Math,BoldFont={latinmodern-math.otf}].
(fontspec)              
(fontspec)              This font family consists of the following NFSS
(fontspec)             series/shapes:
(fontspec)              
(fontspec)             - 'normal' (m/n) with NFSS spec.:
(fontspec)             <->s*[0.9999964596882403]"[latinmodern-math.otf]/OT:scri
pt=math;language=dflt;"
(fontspec)             - 'small caps'  (m/sc) with NFSS spec.: 
(fontspec)             - 'bold' (b/n) with NFSS spec.:
(fontspec)             <->s*[0.9999964596882403]"[latinmodern-math.otf]/OT:scri
pt=math;language=dflt;"
(fontspec)             - 'bold small caps'  (b/sc) with NFSS spec.: 

LaTeX Font Info:    Font shape `TU/latinmodern-math.otf(0)/m/n' will be
(Font)              scaled to size 10.0pt on input line 125.

Package fontspec Info: latinmodern-math scale = 0.9999964596882403.


Package fontspec Info: latinmodern-math scale = 0.9999964596882403.


Package fontspec Info: latinmodern-math scale = 0.9999964596882403.


Package fontspec Info: latinmodern-math scale = 0.9999964596882403.


Package fontspec Info: latinmodern-math scale = 0.9999964596882403.


Package fontspec Info: Font family 'latinmodern-math.otf(1)' created for font
(fontspec)             'latinmodern-math.otf' with options
(fontspec)             [Scale=MatchLowercase,BoldItalicFont={},ItalicFont={},Sm
allCapsFont={},Script=Math,SizeFeatures={{Size=8.5-},{Size=6-8.5,Font=latinmode
rn-math.otf,Style=MathScript},{Size=-6,Font=latinmodern-math.otf,Style=MathScri
ptScript}},BoldFont={latinmodern-math.otf}].
(fontspec)              
(fontspec)              This font family consists of the following NFSS
(fontspec)             series/shapes:
(fontspec)              
(fontspec)             - 'normal' (m/n) with NFSS spec.:
(fontspec)             <8.5->s*[0.9999964596882403]"[latinmodern-math.otf]/OT:s
cript=math;language=dflt;"<6-8.5>s*[0.9999964596882403]"[latinmodern-math.otf]/
OT:script=math;language=dflt;+ssty=0;"<-6>s*[0.9999964596882403]"[latinmodern-m
ath.otf]/OT:script=math;language=dflt;+ssty=1;"
(fontspec)             - 'small caps'  (m/sc) with NFSS spec.: 
(fontspec)             - 'bold' (b/n) with NFSS spec.:
(fontspec)             <->s*[0.9999964596882403]"[latinmodern-math.otf]/OT:scri
pt=math;language=dflt;"
(fontspec)             - 'bold small caps'  (b/sc) with NFSS spec.: 

LaTeX Font Info:    Font shape `TU/latinmodern-math.otf(1)/m/n' will be
(Font)              scaled to size 10.0pt on input line 125.
LaTeX Font Info:    Encoding `OT1' has changed to `TU' for symbol font
(Font)              `operators' in the math version `normal' on input line 125.

LaTeX Font Info:    Overwriting symbol font `operators' in version `normal'
(Font)                  OT1/lmr/m/n --> TU/latinmodern-math.otf(1)/m/n on input
 line 125.
LaTeX Font Info:    Encoding `OT1' has changed to `TU' for symbol font
(Font)              `operators' in the math version `bold' on input line 125.
LaTeX Font Info:    Overwriting symbol font `operators' in version `bold'
(Font)                  OT1/lmr/bx/n --> TU/latinmodern-math.otf(1)/b/n on inpu
t line 125.

Package fontspec Info: latinmodern-math scale = 0.9999964596882403.


Package fontspec Info: latinmodern-math scale = 1.000096459334209.


Package fontspec Info: latinmodern-math scale = 0.9999964596882403.


Package fontspec Info: latinmodern-math scale = 1.000096459334209.


Package fontspec Info: latinmodern-math scale = 0.9999964596882403.


Package fontspec Info: latinmodern-math scale = 1.000096459334209.


Package fontspec Info: latinmodern-math scale = 0.9999964596882403.


Package fontspec Info: latinmodern-math scale = 1.000096459334209.


Package fontspec Info: latinmodern-math scale = 0.9999964596882403.


Package fontspec Info: latinmodern-math scale = 1.000096459334209.


Package fontspec Info: Font family 'latinmodern-math.otf(2)' created for font
(fontspec)             'latinmodern-math.otf' with options
(fontspec)             [Scale=MatchLowercase,BoldItalicFont={},ItalicFont={},Sm
allCapsFont={},Script=Math,SizeFeatures={{Size=8.5-},{Size=6-8.5,Font=latinmode
rn-math.otf,Style=MathScript},{Size=-6,Font=latinmodern-math.otf,Style=MathScri
ptScript}},BoldFont={latinmodern-math.otf},ScaleAgain=1.0001,FontAdjustment={\f
ontdimen
(fontspec)             8\font =6.77pt\relax \fontdimen 9\font =3.94pt\relax
(fontspec)             \fontdimen 10\font =4.44pt\relax \fontdimen 11\font
(fontspec)             =6.86pt\relax \fontdimen 12\font =3.45pt\relax
(fontspec)             \fontdimen 13\font =3.63pt\relax \fontdimen 14\font
(fontspec)             =3.63pt\relax \fontdimen 15\font =2.89pt\relax
(fontspec)             \fontdimen 16\font =2.47pt\relax \fontdimen 17\font
(fontspec)             =2.47pt\relax \fontdimen 18\font =2.5pt\relax
(fontspec)             \fontdimen 19\font =2.0pt\relax \fontdimen 22\font
(fontspec)             =2.5pt\relax \fontdimen 20\font =0pt\relax \fontdimen
(fontspec)             21\font =0pt\relax }].
(fontspec)              
(fontspec)              This font family consists of the following NFSS
(fontspec)             series/shapes:
(fontspec)              
(fontspec)             - 'normal' (m/n) with NFSS spec.:
(fontspec)             <8.5->s*[1.000096459334209]"[latinmodern-math.otf]/OT:sc
ript=math;language=dflt;"<6-8.5>s*[1.000096459334209]"[latinmodern-math.otf]/OT
:script=math;language=dflt;+ssty=0;"<-6>s*[1.000096459334209]"[latinmodern-math
.otf]/OT:script=math;language=dflt;+ssty=1;"
(fontspec)             - 'small caps'  (m/sc) with NFSS spec.: 
(fontspec)             and font adjustment code:
(fontspec)             \fontdimen 8\font =6.77pt\relax \fontdimen 9\font
(fontspec)             =3.94pt\relax \fontdimen 10\font =4.44pt\relax
(fontspec)             \fontdimen 11\font =6.86pt\relax \fontdimen 12\font
(fontspec)             =3.45pt\relax \fontdimen 13\font =3.63pt\relax
(fontspec)             \fontdimen 14\font =3.63pt\relax \fontdimen 15\font
(fontspec)             =2.89pt\relax \fontdimen 16\font =2.47pt\relax
(fontspec)             \fontdimen 17\font =2.47pt\relax \fontdimen 18\font
(fontspec)             =2.5pt\relax \fontdimen 19\font =2.0pt\relax \fontdimen
(fontspec)             22\font =2.5pt\relax \fontdimen 20\font =0pt\relax
(fontspec)             \fontdimen 21\font =0pt\relax 
(fontspec)             - 'bold' (b/n) with NFSS spec.:
(fontspec)             <->s*[1.000096459334209]"[latinmodern-math.otf]/OT:scrip
t=math;language=dflt;"
(fontspec)             - 'bold small caps'  (b/sc) with NFSS spec.: 
(fontspec)             and font adjustment code:
(fontspec)             \fontdimen 8\font =6.77pt\relax \fontdimen 9\font
(fontspec)             =3.94pt\relax \fontdimen 10\font =4.44pt\relax
(fontspec)             \fontdimen 11\font =6.86pt\relax \fontdimen 12\font
(fontspec)             =3.45pt\relax \fontdimen 13\font =3.63pt\relax
(fontspec)             \fontdimen 14\font =3.63pt\relax \fontdimen 15\font
(fontspec)             =2.89pt\relax \fontdimen 16\font =2.47pt\relax
(fontspec)             \fontdimen 17\font =2.47pt\relax \fontdimen 18\font
(fontspec)             =2.5pt\relax \fontdimen 19\font =2.0pt\relax \fontdimen
(fontspec)             22\font =2.5pt\relax \fontdimen 20\font =0pt\relax
(fontspec)             \fontdimen 21\font =0pt\relax 

LaTeX Font Info:    Encoding `OMS' has changed to `TU' for symbol font
(Font)              `symbols' in the math version `normal' on input line 125.
LaTeX Font Info:    Overwriting symbol font `symbols' in version `normal'
(Font)                  OMS/lmsy/m/n --> TU/latinmodern-math.otf(2)/m/n on inpu
t line 125.
LaTeX Font Info:    Encoding `OMS' has changed to `TU' for symbol font
(Font)              `symbols' in the math version `bold' on input line 125.
LaTeX Font Info:    Overwriting symbol font `symbols' in version `bold'
(Font)                  OMS/lmsy/b/n --> TU/latinmodern-math.otf(2)/b/n on inpu
t line 125.

Package fontspec Info: latinmodern-math scale = 0.9999964596882403.


Package fontspec Info: latinmodern-math scale = 0.9998964600422715.


Package fontspec Info: latinmodern-math scale = 0.9999964596882403.


Package fontspec Info: latinmodern-math scale = 0.9998964600422715.


Package fontspec Info: latinmodern-math scale = 0.9999964596882403.


Package fontspec Info: latinmodern-math scale = 0.9998964600422715.


Package fontspec Info: latinmodern-math scale = 0.9999964596882403.


Package fontspec Info: latinmodern-math scale = 0.9998964600422715.


Package fontspec Info: latinmodern-math scale = 0.9999964596882403.


Package fontspec Info: latinmodern-math scale = 0.9998964600422715.


Package fontspec Info: Font family 'latinmodern-math.otf(3)' created for font
(fontspec)             'latinmodern-math.otf' with options
(fontspec)             [Scale=MatchLowercase,BoldItalicFont={},ItalicFont={},Sm
allCapsFont={},Script=Math,SizeFeatures={{Size=8.5-},{Size=6-8.5,Font=latinmode
rn-math.otf,Style=MathScript},{Size=-6,Font=latinmodern-math.otf,Style=MathScri
ptScript}},BoldFont={latinmodern-math.otf},ScaleAgain=0.9999,FontAdjustment={\f
ontdimen
(fontspec)             8\font =0.4pt\relax \fontdimen 9\font =2.0pt\relax
(fontspec)             \fontdimen 10\font =1.67pt\relax \fontdimen 11\font
(fontspec)             =1.11pt\relax \fontdimen 12\font =6.0pt\relax
(fontspec)             \fontdimen 13\font =0pt\relax }].
(fontspec)              
(fontspec)              This font family consists of the following NFSS
(fontspec)             series/shapes:
(fontspec)              
(fontspec)             - 'normal' (m/n) with NFSS spec.:
(fontspec)             <8.5->s*[0.9998964600422715]"[latinmodern-math.otf]/OT:s
cript=math;language=dflt;"<6-8.5>s*[0.9998964600422715]"[latinmodern-math.otf]/
OT:script=math;language=dflt;+ssty=0;"<-6>s*[0.9998964600422715]"[latinmodern-m
ath.otf]/OT:script=math;language=dflt;+ssty=1;"
(fontspec)             - 'small caps'  (m/sc) with NFSS spec.: 
(fontspec)             and font adjustment code:
(fontspec)             \fontdimen 8\font =0.4pt\relax \fontdimen 9\font
(fontspec)             =2.0pt\relax \fontdimen 10\font =1.67pt\relax
(fontspec)             \fontdimen 11\font =1.11pt\relax \fontdimen 12\font
(fontspec)             =6.0pt\relax \fontdimen 13\font =0pt\relax 
(fontspec)             - 'bold' (b/n) with NFSS spec.:
(fontspec)             <->s*[0.9998964600422715]"[latinmodern-math.otf]/OT:scri
pt=math;language=dflt;"
(fontspec)             - 'bold small caps'  (b/sc) with NFSS spec.: 
(fontspec)             and font adjustment code:
(fontspec)             \fontdimen 8\font =0.4pt\relax \fontdimen 9\font
(fontspec)             =2.0pt\relax \fontdimen 10\font =1.67pt\relax
(fontspec)             \fontdimen 11\font =1.11pt\relax \fontdimen 12\font
(fontspec)             =6.0pt\relax \fontdimen 13\font =0pt\relax 

LaTeX Font Info:    Encoding `OMX' has changed to `TU' for symbol font
(Font)              `largesymbols' in the math version `normal' on input line 1
25.
LaTeX Font Info:    Overwriting symbol font `largesymbols' in version `normal'
(Font)                  OMX/lmex/m/n --> TU/latinmodern-math.otf(3)/m/n on inpu
t line 125.
LaTeX Font Info:    Encoding `OMX' has changed to `TU' for symbol font
(Font)              `largesymbols' in the math version `bold' on input line 125
.
LaTeX Font Info:    Overwriting symbol font `largesymbols' in version `bold'
(Font)                  OMX/lmex/m/n --> TU/latinmodern-math.otf(3)/b/n on inpu
t line 125.
Package hyperref Info: Link coloring OFF on input line 125.
(/home/andrea/.TinyTeX/texmf-dist/tex/latex/hyperref/nameref.sty
Package: nameref 2021-04-02 v2.47 Cross-referencing by name of section
(/home/andrea/.TinyTeX/texmf-dist/tex/latex/refcount/refcount.sty
Package: refcount 2019/12/15 v3.6 Data extraction from label references (HO)
)
(/home/andrea/.TinyTeX/texmf-dist/tex/generic/gettitlestring/gettitlestring.sty
Package: gettitlestring 2019/12/15 v1.6 Cleanup title references (HO)
)
\c@section@level=\count315
)
LaTeX Info: Redefining \ref on input line 125.
LaTeX Info: Redefining \pageref on input line 125.
LaTeX Info: Redefining \nameref on input line 125.
LaTeX Font Info:    Font shape `TU/latinmodern-math.otf(1)/m/n' will be
(Font)              scaled to size 12.0pt on input line 127.
LaTeX Font Info:    Font shape `TU/latinmodern-math.otf(1)/m/n' will be
(Font)              scaled to size 8.0pt on input line 127.
LaTeX Font Info:    Font shape `TU/latinmodern-math.otf(1)/m/n' will be
(Font)              scaled to size 6.0pt on input line 127.
LaTeX Font Info:    Trying to load font information for OML+lmm on input line 1
27.
(/home/andrea/.TinyTeX/texmf-dist/tex/latex/lm/omllmm.fd
File: omllmm.fd 2015/05/01 v1.6.1 Font defs for Latin Modern
)
LaTeX Font Info:    Font shape `TU/latinmodern-math.otf(2)/m/n' will be
(Font)              scaled to size 12.0011pt on input line 127.
LaTeX Font Info:    Font shape `TU/latinmodern-math.otf(2)/m/n' will be
(Font)              scaled to size 8.00073pt on input line 127.
LaTeX Font Info:    Font shape `TU/latinmodern-math.otf(2)/m/n' will be
(Font)              scaled to size 6.00055pt on input line 127.
LaTeX Font Info:    Font shape `TU/latinmodern-math.otf(3)/m/n' will be
(Font)              scaled to size 11.99872pt on input line 127.
LaTeX Font Info:    Font shape `TU/latinmodern-math.otf(3)/m/n' will be
(Font)              scaled to size 7.99915pt on input line 127.
LaTeX Font Info:    Font shape `TU/latinmodern-math.otf(3)/m/n' will be
(Font)              scaled to size 5.99936pt on input line 127.
LaTeX Font Info:    Trying to load font information for U+msa on input line 127
.
(/home/andrea/.TinyTeX/texmf-dist/tex/latex/amsfonts/umsa.fd
File: umsa.fd 2013/01/14 v3.01 AMS symbols A
)
LaTeX Font Info:    Trying to load font information for U+msb on input line 127
.
(/home/andrea/.TinyTeX/texmf-dist/tex/latex/amsfonts/umsb.fd
File: umsb.fd 2013/01/14 v3.01 AMS symbols B
) [1


] [2

] (./bookdown-demo.toc
LaTeX Font Info:    Font shape `TU/latinmodern-math.otf(1)/m/n' will be
(Font)              scaled to size 7.0pt on input line 2.
LaTeX Font Info:    Font shape `TU/latinmodern-math.otf(1)/m/n' will be
(Font)              scaled to size 5.0pt on input line 2.
LaTeX Font Info:    Font shape `TU/latinmodern-math.otf(2)/m/n' will be
(Font)              scaled to size 10.00092pt on input line 2.
LaTeX Font Info:    Font shape `TU/latinmodern-math.otf(2)/m/n' will be
(Font)              scaled to size 7.00064pt on input line 2.
LaTeX Font Info:    Font shape `TU/latinmodern-math.otf(2)/m/n' will be
(Font)              scaled to size 5.00046pt on input line 2.
LaTeX Font Info:    Font shape `TU/latinmodern-math.otf(3)/m/n' will be
(Font)              scaled to size 9.99893pt on input line 2.
LaTeX Font Info:    Font shape `TU/latinmodern-math.otf(3)/m/n' will be
(Font)              scaled to size 6.99925pt on input line 2.
LaTeX Font Info:    Font shape `TU/latinmodern-math.otf(3)/m/n' will be
(Font)              scaled to size 4.99947pt on input line 2.
[3])
\tf@toc=\write4
\openout4 = `bookdown-demo.toc'.

[4]
Chapter 1.
[5

] [6] [7] [8]
Underfull \hbox (badness 1043) in paragraph at lines 187--189
[]\TU/lmr/m/n/10 Per i protocolli MPC, l’ambiente in cui il protocollo opera è 
associato
 []

[9] [10] [11] [12] [13] [14

]
Chapter 2.
[15]
File: ./media/01.png Graphic file (type bmp)
<./media/01.png>
[16] [17]

Package natbib Warning: Citation `INPROCEEDINGS' on page 18 undefined on input 
line 326.

[18]
File: ./media/02.png Graphic file (type bmp)
<./media/02.png>
[19]
File: ./media/03.png Graphic file (type bmp)
<./media/03.png>
[20]
Chapter 3.
[21

] [22] [23] [24] [25] [26] [27] [28]
Chapter 4.
[29

]
Underfull \hbox (badness 1824) in paragraph at lines 594--595
\TU/lmr/m/n/10 disponibilità della realizzazione di questi circuiti che devono 
comunque
 []

[30] [31] [32]
File: ./media/04.png Graphic file (type bmp)
<./media/04.png>
[33] [34] [35] [36] [37] [38] [39] [40]
LaTeX Font Info:    Font shape `TU/lmtt/bx/n' in size <10> not available
(Font)              Font shape `TU/lmtt/b/n' tried instead on input line 855.
[41] [42] [43] [44] [45] [46] [47] [48] [49] [50] [51] [52] [53]
Missing character: There is no ├ (U+251C) in font [lmmono10-regular]:!
Missing character: There is no ─ (U+2500) in font [lmmono10-regular]:!
Missing character: There is no ─ (U+2500) in font [lmmono10-regular]:!
Missing character: There is no ├ (U+251C) in font [lmmono10-regular]:!
Missing character: There is no ─ (U+2500) in font [lmmono10-regular]:!
Missing character: There is no ─ (U+2500) in font [lmmono10-regular]:!
Missing character: There is no ├ (U+251C) in font [lmmono10-regular]:!
Missing character: There is no ─ (U+2500) in font [lmmono10-regular]:!
Missing character: There is no ─ (U+2500) in font [lmmono10-regular]:!
Missing character: There is no ├ (U+251C) in font [lmmono10-regular]:!
Missing character: There is no ─ (U+2500) in font [lmmono10-regular]:!
Missing character: There is no ─ (U+2500) in font [lmmono10-regular]:!
Missing character: There is no ├ (U+251C) in font [lmmono10-regular]:!
Missing character: There is no ─ (U+2500) in font [lmmono10-regular]:!
Missing character: There is no ─ (U+2500) in font [lmmono10-regular]:!
Missing character: There is no │ (U+2502) in font [lmmono10-regular]:!
Missing character: There is no ├ (U+251C) in font [lmmono10-regular]:!
Missing character: There is no ─ (U+2500) in font [lmmono10-regular]:!
Missing character: There is no ─ (U+2500) in font [lmmono10-regular]:!
Missing character: There is no │ (U+2502) in font [lmmono10-regular]:!
Missing character: There is no │ (U+2502) in font [lmmono10-regular]:!
Missing character: There is no └ (U+2514) in font [lmmono10-regular]:!
Missing character: There is no ─ (U+2500) in font [lmmono10-regular]:!
Missing character: There is no ─ (U+2500) in font [lmmono10-regular]:!
Missing character: There is no │ (U+2502) in font [lmmono10-regular]:!
Missing character: There is no ├ (U+251C) in font [lmmono10-regular]:!
Missing character: There is no ─ (U+2500) in font [lmmono10-regular]:!
Missing character: There is no ─ (U+2500) in font [lmmono10-regular]:!
Missing character: There is no │ (U+2502) in font [lmmono10-regular]:!
Missing character: There is no │ (U+2502) in font [lmmono10-regular]:!
Missing character: There is no └ (U+2514) in font [lmmono10-regular]:!
Missing character: There is no ─ (U+2500) in font [lmmono10-regular]:!
Missing character: There is no ─ (U+2500) in font [lmmono10-regular]:!
Missing character: There is no │ (U+2502) in font [lmmono10-regular]:!
Missing character: There is no └ (U+2514) in font [lmmono10-regular]:!
Missing character: There is no ─ (U+2500) in font [lmmono10-regular]:!
Missing character: There is no ─ (U+2500) in font [lmmono10-regular]:!
Missing character: There is no ├ (U+251C) in font [lmmono10-regular]:!
Missing character: There is no ─ (U+2500) in font [lmmono10-regular]:!
Missing character: There is no ─ (U+2500) in font [lmmono10-regular]:!
Missing character: There is no │ (U+2502) in font [lmmono10-regular]:!
Missing character: There is no ├ (U+251C) in font [lmmono10-regular]:!
Missing character: There is no ─ (U+2500) in font [lmmono10-regular]:!
Missing character: There is no ─ (U+2500) in font [lmmono10-regular]:!
Missing character: There is no │ (U+2502) in font [lmmono10-regular]:!
Missing character: There is no ├ (U+251C) in font [lmmono10-regular]:!
Missing character: There is no ─ (U+2500) in font [lmmono10-regular]:!
Missing character: There is no ─ (U+2500) in font [lmmono10-regular]:!
Missing character: There is no │ (U+2502) in font [lmmono10-regular]:!
Missing character: There is no └ (U+2514) in font [lmmono10-regular]:!
Missing character: There is no ─ (U+2500) in font [lmmono10-regular]:!
Missing character: There is no ─ (U+2500) in font [lmmono10-regular]:!
Missing character: There is no ├ (U+251C) in font [lmmono10-regular]:!
Missing character: There is no ─ (U+2500) in font [lmmono10-regular]:!
Missing character: There is no ─ (U+2500) in font [lmmono10-regular]:!
Missing character: There is no ├ (U+251C) in font [lmmono10-regular]:!
Missing character: There is no ─ (U+2500) in font [lmmono10-regular]:!
Missing character: There is no ─ (U+2500) in font [lmmono10-regular]:!
Missing character: There is no └ (U+2514) in font [lmmono10-regular]:!
Missing character: There is no ─ (U+2500) in font [lmmono10-regular]:!
Missing character: There is no ─ (U+2500) in font [lmmono10-regular]:!
[54] [55] [56] [57] [58] [59] [60] [61] [62

]
Chapter 5.
[63] [64]
Overfull \hbox (7.10747pt too wide) in paragraph at lines 1691--1692
[]\TU/lmr/m/n/10 NOME 
 []


Overfull \hbox (0.97748pt too wide) in paragraph at lines 1691--1692
\TU/lmr/m/n/10 CIRC|  
 []


Overfull \hbox (5.03937pt too wide) in paragraph at lines 1695--1696
[]\TU/lmr/m/n/10 INPUT 
 []


Overfull \hbox (3.78937pt too wide) in paragraph at lines 1695--1696
\TU/lmr/m/n/10 ALICE|  
 []


Overfull \hbox (8.48747pt too wide) in paragraph at lines 1697--1698
[]\TU/lmr/m/n/10 INPUT 
 []


Overfull \hbox (16.04126pt too wide) in paragraph at lines 1699--1700
[]\TU/lmr/m/n/10 DOMINIO 
 []


Overfull \hbox (1.87126pt too wide) in paragraph at lines 1699--1700
\TU/lmr/m/n/10 MULTI|  
 []


Overfull \hbox (5.03937pt too wide) in paragraph at lines 1703--1704
[]\TU/lmr/m/n/10 INPUT 
 []


Overfull \hbox (3.78937pt too wide) in paragraph at lines 1703--1704
\TU/lmr/m/n/10 ALICE|  
 []


Overfull \hbox (8.48747pt too wide) in paragraph at lines 1705--1706
[]\TU/lmr/m/n/10 INPUT 
 []


Overfull \hbox (20.37747pt too wide) in paragraph at lines 1707--1708
\TU/lmr/m/n/10 Guadagno|  
 []


Overfull \hbox (13.20877pt too wide) in alignment at lines 1688--1710
 [] [] [] [] [] [] [] [] [] 
 []


Overfull \hbox (9.17747pt too wide) in paragraph at lines 1728--1729
\TU/lmr/m/n/10 10042%|  
 []


Overfull \hbox (9.17747pt too wide) in paragraph at lines 1766--1767
\TU/lmr/m/n/10 46412%|  
 []


Overfull \hbox (15.29747pt too wide) in paragraph at lines 1845--1846
[]\TU/lmr/m/n/10 newtpla2|  
 []


Overfull \hbox (4.17747pt too wide) in paragraph at lines 1861--1862
\TU/lmr/m/n/10 4167%|  
 []


Overfull \hbox (4.17747pt too wide) in paragraph at lines 1918--1919
\TU/lmr/m/n/10 9053%|  
 []


Overfull \hbox (4.17747pt too wide) in paragraph at lines 1937--1938
\TU/lmr/m/n/10 6071%|  
 []


Overfull \hbox (1.40747pt too wide) in paragraph at lines 1959--1960
[]\TU/lmr/m/n/10 bench|  
 []


Overfull \hbox (3.60168pt too wide) in paragraph at lines 1988--1989
[]\TU/lmr/m/n/10 117440512|  
 []


Overfull \hbox (24.17747pt too wide) in paragraph at lines 1994--1995
\TU/lmr/m/n/10 26331853%|  
 []


Overfull \hbox (15.29747pt too wide) in paragraph at lines 1997--1998
[]\TU/lmr/m/n/10 newtpla1|  
 []


Overfull \hbox (4.17747pt too wide) in paragraph at lines 2013--2014
\TU/lmr/m/n/10 3003%|  
 []


Overfull \hbox (11.12747pt too wide) in paragraph at lines 2035--2036
[]\TU/lmr/m/n/10 newapla|  
 []


Overfull \hbox (9.17747pt too wide) in paragraph at lines 2051--2052
\TU/lmr/m/n/10 11620%|  
 []


Overfull \hbox (4.17747pt too wide) in paragraph at lines 2089--2090
\TU/lmr/m/n/10 4203%|  
 []


Overfull \hbox (4.17747pt too wide) in paragraph at lines 2108--2109
\TU/lmr/m/n/10 6402%|  
 []


Overfull \hbox (17.80748pt too wide) in paragraph at lines 2225--2226
[]\TU/lmr/m/n/10 bcd_div3|  
 []


Overfull \hbox (24.17747pt too wide) in paragraph at lines 2279--2280
\TU/lmr/m/n/10 12683997%|  
 []


Overfull \hbox (13.54169pt too wide) in paragraph at lines 2292--2293
[]\TU/lmr/bx/n/10 4731943,63|  
 []


Overfull \hbox (19.28748pt too wide) in paragraph at lines 2298--2299
\TU/lmr/bx/n/10 13039,51|  
 []


Overfull \hbox (2.02979pt too wide) in paragraph at lines 2303--2304
[]\TU/lmr/bx/n/10 COSTO 
 []


Overfull \hbox (2.3498pt too wide) in paragraph at lines 2303--2304
\TU/lmr/bx/n/10 MEDIO|  
 []


Overfull \hbox (13.20877pt too wide) in alignment at lines 1710--2320
 [] [] [] [] [] [] [] [] [] 
 []

[65]
Overfull \hbox (7.10747pt too wide) in paragraph at lines 2332--2333
[]\TU/lmr/m/n/10 NOME 
 []


Overfull \hbox (0.97748pt too wide) in paragraph at lines 2332--2333
\TU/lmr/m/n/10 CIRC|  
 []


Overfull \hbox (5.03937pt too wide) in paragraph at lines 2336--2337
[]\TU/lmr/m/n/10 INPUT 
 []


Overfull \hbox (3.78937pt too wide) in paragraph at lines 2336--2337
\TU/lmr/m/n/10 ALICE|  
 []


Overfull \hbox (8.48747pt too wide) in paragraph at lines 2338--2339
[]\TU/lmr/m/n/10 INPUT 
 []


Overfull \hbox (16.04126pt too wide) in paragraph at lines 2340--2341
[]\TU/lmr/m/n/10 DOMINIO 
 []


Overfull \hbox (1.87126pt too wide) in paragraph at lines 2340--2341
\TU/lmr/m/n/10 MULTI|  
 []


Overfull \hbox (33.6117pt too wide) in paragraph at lines 2342--2343
\TU/lmr/m/n/10 MULTIVALORE|  
 []


Overfull \hbox (5.03937pt too wide) in paragraph at lines 2344--2345
[]\TU/lmr/m/n/10 INPUT 
 []


Overfull \hbox (3.78937pt too wide) in paragraph at lines 2344--2345
\TU/lmr/m/n/10 ALICE|  
 []


Overfull \hbox (8.48747pt too wide) in paragraph at lines 2346--2347
[]\TU/lmr/m/n/10 INPUT 
 []


Overfull \hbox (36.40747pt too wide) in paragraph at lines 2348--2349
\TU/lmr/m/n/10 GUADAGNO|  
 []


Overfull \hbox (13.20877pt too wide) in alignment at lines 2329--2351
 [] [] [] [] [] [] [] [] [] 
 []


Overfull \hbox (15.29747pt too wide) in paragraph at lines 2486--2487
[]\TU/lmr/m/n/10 newtpla2|  
 []


Overfull \hbox (1.40747pt too wide) in paragraph at lines 2600--2601
[]\TU/lmr/m/n/10 bench|  
 []


Overfull \hbox (3.60168pt too wide) in paragraph at lines 2629--2630
[]\TU/lmr/m/n/10 117440512|  
 []


Overfull \hbox (4.17747pt too wide) in paragraph at lines 2635--2636
\TU/lmr/m/n/10 6300%|  
 []


Overfull \hbox (15.29747pt too wide) in paragraph at lines 2638--2639
[]\TU/lmr/m/n/10 newtpla1|  
 []


Overfull \hbox (11.12747pt too wide) in paragraph at lines 2676--2677
[]\TU/lmr/m/n/10 newapla|  
 []


Overfull \hbox (17.80748pt too wide) in paragraph at lines 2866--2867
[]\TU/lmr/m/n/10 bcd_div3|  
 []


Overfull \hbox (3.60168pt too wide) in paragraph at lines 2914--2915
[]\TU/lmr/m/n/10 335544320|  
 []


Overfull \hbox (9.17747pt too wide) in paragraph at lines 2920--2921
\TU/lmr/m/n/10 25500%|  
 []


Overfull \hbox (4.82979pt too wide) in paragraph at lines 2925--2926
[]\TU/lmr/m/n/10 221982,07|  
 []


Overfull \hbox (11.38168pt too wide) in paragraph at lines 2933--2934
[]\TU/lmr/m/n/10 15153786,67|  
 []


Overfull \hbox (13.20877pt too wide) in alignment at lines 2351--2961
 [] [] [] [] [] [] [] [] [] 
 []

[66] [67]
Overfull \hbox (7.10747pt too wide) in paragraph at lines 2970--2971
[]\TU/lmr/m/n/10 NOME 
 []


Overfull \hbox (0.97748pt too wide) in paragraph at lines 2970--2971
\TU/lmr/m/n/10 CIRC|  
 []


Overfull \hbox (5.03937pt too wide) in paragraph at lines 2974--2975
[]\TU/lmr/m/n/10 INPUT 
 []


Overfull \hbox (3.78937pt too wide) in paragraph at lines 2974--2975
\TU/lmr/m/n/10 ALICE|  
 []


Overfull \hbox (8.48747pt too wide) in paragraph at lines 2976--2977
[]\TU/lmr/m/n/10 INPUT 
 []


Overfull \hbox (16.04126pt too wide) in paragraph at lines 2978--2979
[]\TU/lmr/m/n/10 DOMINIO 
 []


Overfull \hbox (1.87126pt too wide) in paragraph at lines 2978--2979
\TU/lmr/m/n/10 MULTI|  
 []


Overfull \hbox (33.6117pt too wide) in paragraph at lines 2980--2981
\TU/lmr/m/n/10 MULTIVALORE|  
 []


Overfull \hbox (5.03937pt too wide) in paragraph at lines 2982--2983
[]\TU/lmr/m/n/10 INPUT 
 []


Overfull \hbox (3.78937pt too wide) in paragraph at lines 2982--2983
\TU/lmr/m/n/10 ALICE|  
 []


Overfull \hbox (8.48747pt too wide) in paragraph at lines 2984--2985
[]\TU/lmr/m/n/10 INPUT 
 []


Overfull \hbox (36.40747pt too wide) in paragraph at lines 2986--2987
\TU/lmr/m/n/10 GUADAGNO|  
 []


Overfull \hbox (13.20877pt too wide) in alignment at lines 2967--2989
 [] [] [] [] [] [] [] [] [] 
 []


Overfull \hbox (9.17747pt too wide) in paragraph at lines 3007--3008
\TU/lmr/m/n/10 10042%|  
 []


Overfull \hbox (9.17747pt too wide) in paragraph at lines 3045--3046
\TU/lmr/m/n/10 46412%|  
 []


Overfull \hbox (15.29747pt too wide) in paragraph at lines 3124--3125
[]\TU/lmr/m/n/10 newtpla2|  
 []


Overfull \hbox (4.17747pt too wide) in paragraph at lines 3140--3141
\TU/lmr/m/n/10 4167%|  
 []


Overfull \hbox (4.17747pt too wide) in paragraph at lines 3197--3198
\TU/lmr/m/n/10 4477%|  
 []


Overfull \hbox (4.17747pt too wide) in paragraph at lines 3216--3217
\TU/lmr/m/n/10 4836%|  
 []


Overfull \hbox (1.40747pt too wide) in paragraph at lines 3238--3239
[]\TU/lmr/m/n/10 bench|  
 []


Overfull \hbox (0.97168pt too wide) in paragraph at lines 3267--3268
[]\TU/lmr/m/n/10 1,17E+08|  
 []


Overfull \hbox (24.17747pt too wide) in paragraph at lines 3273--3274
\TU/lmr/m/n/10 26331853%|  
 []


Overfull \hbox (15.29747pt too wide) in paragraph at lines 3276--3277
[]\TU/lmr/m/n/10 newtpla1|  
 []


Overfull \hbox (4.17747pt too wide) in paragraph at lines 3292--3293
\TU/lmr/m/n/10 3003%|  
 []


Overfull \hbox (11.12747pt too wide) in paragraph at lines 3314--3315
[]\TU/lmr/m/n/10 newapla|  
 []


Overfull \hbox (9.17747pt too wide) in paragraph at lines 3330--3331
\TU/lmr/m/n/10 11620%|  
 []


Overfull \hbox (4.17747pt too wide) in paragraph at lines 3368--3369
\TU/lmr/m/n/10 3342%|  
 []


Overfull \hbox (4.17747pt too wide) in paragraph at lines 3387--3388
\TU/lmr/m/n/10 3151%|  
 []


Overfull \hbox (17.80748pt too wide) in paragraph at lines 3504--3505
[]\TU/lmr/m/n/10 bcd_div3|  
 []


Overfull \hbox (24.17747pt too wide) in paragraph at lines 3558--3559
\TU/lmr/m/n/10 12683997%|  
 []


Overfull \hbox (6.38168pt too wide) in paragraph at lines 3571--3572
[]\TU/lmr/m/n/10 4716541,87|  
 []


Overfull \hbox (13.20877pt too wide) in alignment at lines 2989--3599
 [] [] [] [] [] [] [] [] [] 
 []

[68] [69] [70]
Overfull \hbox (7.10747pt too wide) in paragraph at lines 3636--3637
[]\TU/lmr/m/n/10 NOME 
 []


Overfull \hbox (0.97748pt too wide) in paragraph at lines 3636--3637
\TU/lmr/m/n/10 CIRC|  
 []


Overfull \hbox (5.03937pt too wide) in paragraph at lines 3640--3641
[]\TU/lmr/m/n/10 INPUT 
 []


Overfull \hbox (3.78937pt too wide) in paragraph at lines 3640--3641
\TU/lmr/m/n/10 ALICE|  
 []


Overfull \hbox (8.48747pt too wide) in paragraph at lines 3642--3643
[]\TU/lmr/m/n/10 INPUT 
 []


Overfull \hbox (16.04126pt too wide) in paragraph at lines 3644--3645
[]\TU/lmr/m/n/10 DOMINIO 
 []


Overfull \hbox (1.87126pt too wide) in paragraph at lines 3644--3645
\TU/lmr/m/n/10 MULTI|  
 []


Overfull \hbox (33.6117pt too wide) in paragraph at lines 3646--3647
\TU/lmr/m/n/10 MULTIVALORE|  
 []


Overfull \hbox (5.03937pt too wide) in paragraph at lines 3648--3649
[]\TU/lmr/m/n/10 INPUT 
 []


Overfull \hbox (3.78937pt too wide) in paragraph at lines 3648--3649
\TU/lmr/m/n/10 ALICE|  
 []


Overfull \hbox (8.48747pt too wide) in paragraph at lines 3650--3651
[]\TU/lmr/m/n/10 INPUT 
 []


Overfull \hbox (36.40747pt too wide) in paragraph at lines 3652--3653
\TU/lmr/m/n/10 GUADAGNO|  
 []


Overfull \hbox (13.20877pt too wide) in alignment at lines 3633--3655
 [] [] [] [] [] [] [] [] [] 
 []


Overfull \hbox (15.29747pt too wide) in paragraph at lines 3790--3791
[]\TU/lmr/m/n/10 newtpla2|  
 []


Overfull \hbox (1.40747pt too wide) in paragraph at lines 3904--3905
[]\TU/lmr/m/n/10 bench|  
 []


Overfull \hbox (15.29747pt too wide) in paragraph at lines 3942--3943
[]\TU/lmr/m/n/10 newtpla1|  
 []


Overfull \hbox (11.12747pt too wide) in paragraph at lines 3980--3981
[]\TU/lmr/m/n/10 newapla|  
 []


Overfull \hbox (17.80748pt too wide) in paragraph at lines 4170--4171
[]\TU/lmr/m/n/10 bcd_div3|  
 []


Overfull \hbox (13.20877pt too wide) in alignment at lines 3655--4265
 [] [] [] [] [] [] [] [] [] 
 []

[71]
Underfull \hbox (badness 1168) in paragraph at lines 4272--4273
\TU/lmr/m/n/10 Come ultimo test, come in MVSIS, abbiamo deciso di applicare anc
he
 []


Overfull \hbox (7.10747pt too wide) in paragraph at lines 4277--4278
[]\TU/lmr/m/n/10 NOME 
 []


Overfull \hbox (0.97748pt too wide) in paragraph at lines 4277--4278
\TU/lmr/m/n/10 CIRC|  
 []


Overfull \hbox (5.03937pt too wide) in paragraph at lines 4281--4282
[]\TU/lmr/m/n/10 INPUT 
 []


Overfull \hbox (3.78937pt too wide) in paragraph at lines 4281--4282
\TU/lmr/m/n/10 ALICE|  
 []


Overfull \hbox (8.48747pt too wide) in paragraph at lines 4283--4284
[]\TU/lmr/m/n/10 INPUT 
 []


Overfull \hbox (16.04126pt too wide) in paragraph at lines 4285--4286
[]\TU/lmr/m/n/10 DOMINIO 
 []


Overfull \hbox (1.87126pt too wide) in paragraph at lines 4285--4286
\TU/lmr/m/n/10 MULTI|  
 []


Overfull \hbox (33.6117pt too wide) in paragraph at lines 4287--4288
\TU/lmr/m/n/10 MULTIVALORE|  
 []


Overfull \hbox (5.03937pt too wide) in paragraph at lines 4289--4290
[]\TU/lmr/m/n/10 INPUT 
 []


Overfull \hbox (3.78937pt too wide) in paragraph at lines 4289--4290
\TU/lmr/m/n/10 ALICE|  
 []


Overfull \hbox (8.48747pt too wide) in paragraph at lines 4291--4292
[]\TU/lmr/m/n/10 INPUT 
 []


Overfull \hbox (36.40747pt too wide) in paragraph at lines 4293--4294
\TU/lmr/m/n/10 GUADAGNO|  
 []


Overfull \hbox (13.20877pt too wide) in alignment at lines 4274--4296
 [] [] [] [] [] [] [] [] [] 
 []


Overfull \hbox (15.29747pt too wide) in paragraph at lines 4431--4432
[]\TU/lmr/m/n/10 newtpla2|  
 []


Overfull \hbox (1.40747pt too wide) in paragraph at lines 4545--4546
[]\TU/lmr/m/n/10 bench|  
 []


Overfull \hbox (15.29747pt too wide) in paragraph at lines 4583--4584
[]\TU/lmr/m/n/10 newtpla1|  
 []


Overfull \hbox (11.12747pt too wide) in paragraph at lines 4621--4622
[]\TU/lmr/m/n/10 newapla|  
 []


Overfull \hbox (4.17747pt too wide) in paragraph at lines 4732--4733
\TU/lmr/m/n/10 1133%|  
 []


Overfull \hbox (17.80748pt too wide) in paragraph at lines 4811--4812
[]\TU/lmr/m/n/10 bcd_div3|  
 []


Overfull \hbox (13.20877pt too wide) in alignment at lines 4296--4906
 [] [] [] [] [] [] [] [] [] 
 []

[72] [73] [74]
Overfull \hbox (143.79677pt too wide) in alignment at lines 4923--4927
 [] [] [] [] [] [] 
 []


Overfull \hbox (143.79677pt too wide) in alignment at lines 4927--4952
 [] [] [] [] [] [] 
 []

[75] [76] (./bookdown-demo.bbl [77

])

Package natbib Warning: There were undefined citations.

[78] (./bookdown-demo.aux) ) 
Here is how much of TeX's memory you used:
 18136 strings out of 478274
 328851 string characters out of 5856297
 832400 words of memory out of 5000000
 38390 multiletter control sequences out of 15000+600000
 409921 words of font info for 85 fonts, out of 8000000 for 9000
 14 hyphenation exceptions out of 8191
 86i,8n,121p,1289b,521s stack positions out of 5000i,500n,10000p,200000b,80000s

Output written on bookdown-demo.pdf (78 pages).
