This is pdfTeX, Version 3.141592653-2.6-1.40.23 (TeX Live 2021) (preloaded format=pdflatex 2021.11.13)  13 NOV 2021 18:54
entering extended mode
 restricted \write18 enabled.
 file:line:error style messages enabled.
 %&-line parsing enabled.
**/home/andrea/Documenti/Tesi/scritto/_book/bookdown-demo.tex
(/home/andrea/Documenti/Tesi/scritto/_book/bookdown-demo.tex
LaTeX2e <2021-11-15>
L3 programming layer <2021-11-12> (/home/andrea/.TinyTeX/texmf-dist/tex/latex/base/book.cls
Document Class: book 2021/10/04 v1.4n Standard LaTeX document class
(/home/andrea/.TinyTeX/texmf-dist/tex/latex/base/bk10.clo
File: bk10.clo 2021/10/04 v1.4n Standard LaTeX file (size option)
)
\c@part=\count183
\c@chapter=\count184
\c@section=\count185
\c@subsection=\count186
\c@subsubsection=\count187
\c@paragraph=\count188
\c@subparagraph=\count189
\c@figure=\count190
\c@table=\count191
\abovecaptionskip=\skip47
\belowcaptionskip=\skip48
\bibindent=\dimen138
) (/home/andrea/.TinyTeX/texmf-dist/tex/latex/lm/lmodern.sty
Package: lmodern 2015/05/01 v1.6.1 Latin Modern Fonts
LaTeX Font Info:    Overwriting symbol font `operators' in version `normal'
(Font)                  OT1/cmr/m/n --> OT1/lmr/m/n on input line 22.
LaTeX Font Info:    Overwriting symbol font `letters' in version `normal'
(Font)                  OML/cmm/m/it --> OML/lmm/m/it on input line 23.
LaTeX Font Info:    Overwriting symbol font `symbols' in version `normal'
(Font)                  OMS/cmsy/m/n --> OMS/lmsy/m/n on input line 24.
LaTeX Font Info:    Overwriting symbol font `largesymbols' in version `normal'
(Font)                  OMX/cmex/m/n --> OMX/lmex/m/n on input line 25.
LaTeX Font Info:    Overwriting symbol font `operators' in version `bold'
(Font)                  OT1/cmr/bx/n --> OT1/lmr/bx/n on input line 26.
LaTeX Font Info:    Overwriting symbol font `letters' in version `bold'
(Font)                  OML/cmm/b/it --> OML/lmm/b/it on input line 27.
LaTeX Font Info:    Overwriting symbol font `symbols' in version `bold'
(Font)                  OMS/cmsy/b/n --> OMS/lmsy/b/n on input line 28.
LaTeX Font Info:    Overwriting symbol font `largesymbols' in version `bold'
(Font)                  OMX/cmex/m/n --> OMX/lmex/m/n on input line 29.
LaTeX Font Info:    Overwriting math alphabet `\mathbf' in version `normal'
(Font)                  OT1/cmr/bx/n --> OT1/lmr/bx/n on input line 31.
LaTeX Font Info:    Overwriting math alphabet `\mathsf' in version `normal'
(Font)                  OT1/cmss/m/n --> OT1/lmss/m/n on input line 32.
LaTeX Font Info:    Overwriting math alphabet `\mathit' in version `normal'
(Font)                  OT1/cmr/m/it --> OT1/lmr/m/it on input line 33.
LaTeX Font Info:    Overwriting math alphabet `\mathtt' in version `normal'
(Font)                  OT1/cmtt/m/n --> OT1/lmtt/m/n on input line 34.
LaTeX Font Info:    Overwriting math alphabet `\mathbf' in version `bold'
(Font)                  OT1/cmr/bx/n --> OT1/lmr/bx/n on input line 35.
LaTeX Font Info:    Overwriting math alphabet `\mathsf' in version `bold'
(Font)                  OT1/cmss/bx/n --> OT1/lmss/bx/n on input line 36.
LaTeX Font Info:    Overwriting math alphabet `\mathit' in version `bold'
(Font)                  OT1/cmr/bx/it --> OT1/lmr/bx/it on input line 37.
LaTeX Font Info:    Overwriting math alphabet `\mathtt' in version `bold'
(Font)                  OT1/cmtt/m/n --> OT1/lmtt/m/n on input line 38.
) (/home/andrea/.TinyTeX/texmf-dist/tex/latex/amsfonts/amssymb.sty
Package: amssymb 2013/01/14 v3.01 AMS font symbols
 (/home/andrea/.TinyTeX/texmf-dist/tex/latex/amsfonts/amsfonts.sty
Package: amsfonts 2013/01/14 v3.01 Basic AMSFonts support
\@emptytoks=\toks16
\symAMSa=\mathgroup4
\symAMSb=\mathgroup5
LaTeX Font Info:    Redeclaring math symbol \hbar on input line 98.
LaTeX Font Info:    Overwriting math alphabet `\mathfrak' in version `bold'
(Font)                  U/euf/m/n --> U/euf/b/n on input line 106.
)) (/home/andrea/.TinyTeX/texmf-dist/tex/latex/amsmath/amsmath.sty
Package: amsmath 2021/10/15 v2.17l AMS math features
\@mathmargin=\skip49

For additional information on amsmath, use the `?' option.
(/home/andrea/.TinyTeX/texmf-dist/tex/latex/amsmath/amstext.sty
Package: amstext 2021/08/26 v2.01 AMS text
 (/home/andrea/.TinyTeX/texmf-dist/tex/latex/amsmath/amsgen.sty
File: amsgen.sty 1999/11/30 v2.0 generic functions
\@emptytoks=\toks17
\ex@=\dimen139
)) (/home/andrea/.TinyTeX/texmf-dist/tex/latex/amsmath/amsbsy.sty
Package: amsbsy 1999/11/29 v1.2d Bold Symbols
\pmbraise@=\dimen140
) (/home/andrea/.TinyTeX/texmf-dist/tex/latex/amsmath/amsopn.sty
Package: amsopn 2021/08/26 v2.02 operator names
)
\inf@bad=\count192
LaTeX Info: Redefining \frac on input line 234.
\uproot@=\count193
\leftroot@=\count194
LaTeX Info: Redefining \overline on input line 399.
\classnum@=\count195
\DOTSCASE@=\count196
LaTeX Info: Redefining \ldots on input line 496.
LaTeX Info: Redefining \dots on input line 499.
LaTeX Info: Redefining \cdots on input line 620.
\Mathstrutbox@=\box50
\strutbox@=\box51
\big@size=\dimen141
LaTeX Font Info:    Redeclaring font encoding OML on input line 743.
LaTeX Font Info:    Redeclaring font encoding OMS on input line 744.
\macc@depth=\count197
\c@MaxMatrixCols=\count198
\dotsspace@=\muskip16
\c@parentequation=\count199
\dspbrk@lvl=\count266
\tag@help=\toks18
\row@=\count267
\column@=\count268
\maxfields@=\count269
\andhelp@=\toks19
\eqnshift@=\dimen142
\alignsep@=\dimen143
\tagshift@=\dimen144
\tagwidth@=\dimen145
\totwidth@=\dimen146
\lineht@=\dimen147
\@envbody=\toks20
\multlinegap=\skip50
\multlinetaggap=\skip51
\mathdisplay@stack=\toks21
LaTeX Info: Redefining \[ on input line 2938.
LaTeX Info: Redefining \] on input line 2939.
) (/home/andrea/.TinyTeX/texmf-dist/tex/generic/iftex/ifxetex.sty
Package: ifxetex 2019/10/25 v0.7 ifxetex legacy package. Use iftex instead.
 (/home/andrea/.TinyTeX/texmf-dist/tex/generic/iftex/iftex.sty
Package: iftex 2020/03/06 v1.0d TeX engine tests
)) (/home/andrea/.TinyTeX/texmf-dist/tex/generic/iftex/ifluatex.sty
Package: ifluatex 2019/10/25 v1.5 ifluatex legacy package. Use iftex instead.
) (/home/andrea/.TinyTeX/texmf-dist/tex/latex/base/fontenc.sty
Package: fontenc 2021/04/29 v2.0v Standard LaTeX package
LaTeX Font Info:    Trying to load font information for T1+lmr on input line 112.
 (/home/andrea/.TinyTeX/texmf-dist/tex/latex/lm/t1lmr.fd
File: t1lmr.fd 2015/05/01 v1.6.1 Font defs for Latin Modern
)) (/home/andrea/.TinyTeX/texmf-dist/tex/latex/base/inputenc.sty
Package: inputenc 2021/02/14 v1.3d Input encoding file
\inpenc@prehook=\toks22
\inpenc@posthook=\toks23
) (/home/andrea/.TinyTeX/texmf-dist/tex/latex/base/textcomp.sty
Package: textcomp 2020/02/02 v2.0n Standard LaTeX package
) (/home/andrea/.TinyTeX/texmf-dist/tex/latex/xcolor/xcolor.sty
Package: xcolor 2021/10/31 v2.13 LaTeX color extensions (UK)
 (/home/andrea/.TinyTeX/texmf-dist/tex/latex/graphics-cfg/color.cfg
File: color.cfg 2016/01/02 v1.6 sample color configuration
)
Package xcolor Info: Driver file: pdftex.def on input line 227.
 (/home/andrea/.TinyTeX/texmf-dist/tex/latex/graphics-def/pdftex.def
File: pdftex.def 2020/10/05 v1.2a Graphics/color driver for pdftex
)
Package xcolor Info: Model `cmy' substituted by `cmy0' on input line 1352.
Package xcolor Info: Model `hsb' substituted by `rgb' on input line 1356.
Package xcolor Info: Model `RGB' extended on input line 1368.
Package xcolor Info: Model `HTML' substituted by `rgb' on input line 1370.
Package xcolor Info: Model `Hsb' substituted by `hsb' on input line 1371.
Package xcolor Info: Model `tHsb' substituted by `hsb' on input line 1372.
Package xcolor Info: Model `HSB' substituted by `hsb' on input line 1373.
Package xcolor Info: Model `Gray' substituted by `gray' on input line 1374.
Package xcolor Info: Model `wave' substituted by `hsb' on input line 1375.
) (/home/andrea/.TinyTeX/texmf-dist/tex/latex/bookmark/bookmark.sty
Package: bookmark 2020-11-06 v1.29 PDF bookmarks (HO)
 (/home/andrea/.TinyTeX/texmf-dist/tex/latex/hyperref/hyperref.sty
Package: hyperref 2021-06-07 v7.00m Hypertext links for LaTeX
 (/home/andrea/.TinyTeX/texmf-dist/tex/generic/ltxcmds/ltxcmds.sty
Package: ltxcmds 2020-05-10 v1.25 LaTeX kernel commands for general use (HO)
) (/home/andrea/.TinyTeX/texmf-dist/tex/generic/pdftexcmds/pdftexcmds.sty
Package: pdftexcmds 2020-06-27 v0.33 Utility functions of pdfTeX for LuaTeX (HO)
 (/home/andrea/.TinyTeX/texmf-dist/tex/generic/infwarerr/infwarerr.sty
Package: infwarerr 2019/12/03 v1.5 Providing info/warning/error messages (HO)
)
Package pdftexcmds Info: \pdf@primitive is available.
Package pdftexcmds Info: \pdf@ifprimitive is available.
Package pdftexcmds Info: \pdfdraftmode found.
) (/home/andrea/.TinyTeX/texmf-dist/tex/latex/graphics/keyval.sty
Package: keyval 2014/10/28 v1.15 key=value parser (DPC)
\KV@toks@=\toks24
) (/home/andrea/.TinyTeX/texmf-dist/tex/generic/kvsetkeys/kvsetkeys.sty
Package: kvsetkeys 2019/12/15 v1.18 Key value parser (HO)
) (/home/andrea/.TinyTeX/texmf-dist/tex/generic/kvdefinekeys/kvdefinekeys.sty
Package: kvdefinekeys 2019-12-19 v1.6 Define keys (HO)
) (/home/andrea/.TinyTeX/texmf-dist/tex/generic/pdfescape/pdfescape.sty
Package: pdfescape 2019/12/09 v1.15 Implements pdfTeX's escape features (HO)
) (/home/andrea/.TinyTeX/texmf-dist/tex/latex/hycolor/hycolor.sty
Package: hycolor 2020-01-27 v1.10 Color options for hyperref/bookmark (HO)
) (/home/andrea/.TinyTeX/texmf-dist/tex/latex/letltxmacro/letltxmacro.sty
Package: letltxmacro 2019/12/03 v1.6 Let assignment for LaTeX macros (HO)
) (/home/andrea/.TinyTeX/texmf-dist/tex/latex/auxhook/auxhook.sty
Package: auxhook 2019-12-17 v1.6 Hooks for auxiliary files (HO)
) (/home/andrea/.TinyTeX/texmf-dist/tex/latex/kvoptions/kvoptions.sty
Package: kvoptions 2020-10-07 v3.14 Key value format for package options (HO)
)
\@linkdim=\dimen148
\Hy@linkcounter=\count270
\Hy@pagecounter=\count271
 (/home/andrea/.TinyTeX/texmf-dist/tex/latex/hyperref/pd1enc.def
File: pd1enc.def 2021-06-07 v7.00m Hyperref: PDFDocEncoding definition (HO)
Now handling font encoding PD1 ...
... no UTF-8 mapping file for font encoding PD1
) (/home/andrea/.TinyTeX/texmf-dist/tex/latex/hyperref/hyperref-langpatches.def
File: hyperref-langpatches.def 2021-06-07 v7.00m Hyperref: patches for babel languages
) (/home/andrea/.TinyTeX/texmf-dist/tex/generic/intcalc/intcalc.sty
Package: intcalc 2019/12/15 v1.3 Expandable calculations with integers (HO)
) (/home/andrea/.TinyTeX/texmf-dist/tex/generic/etexcmds/etexcmds.sty
Package: etexcmds 2019/12/15 v1.7 Avoid name clashes with e-TeX commands (HO)
)
\Hy@SavedSpaceFactor=\count272
 (/home/andrea/.TinyTeX/texmf-dist/tex/latex/hyperref/puenc.def
File: puenc.def 2021-06-07 v7.00m Hyperref: PDF Unicode definition (HO)
Now handling font encoding PU ...
... no UTF-8 mapping file for font encoding PU
)
Package hyperref Info: Option `unicode' set `true' on input line 4073.
Package hyperref Info: Hyper figures OFF on input line 4192.
Package hyperref Info: Link nesting OFF on input line 4197.
Package hyperref Info: Hyper index ON on input line 4200.
Package hyperref Info: Plain pages OFF on input line 4207.
Package hyperref Info: Backreferencing OFF on input line 4212.
Package hyperref Info: Implicit mode ON; LaTeX internals redefined.
Package hyperref Info: Bookmarks ON on input line 4445.
\c@Hy@tempcnt=\count273
 (/home/andrea/.TinyTeX/texmf-dist/tex/latex/url/url.sty
\Urlmuskip=\muskip17
Package: url 2013/09/16  ver 3.4  Verb mode for urls, etc.
)
LaTeX Info: Redefining \url on input line 4804.
\XeTeXLinkMargin=\dimen149
 (/home/andrea/.TinyTeX/texmf-dist/tex/generic/bitset/bitset.sty
Package: bitset 2019/12/09 v1.3 Handle bit-vector datatype (HO)
 (/home/andrea/.TinyTeX/texmf-dist/tex/generic/bigintcalc/bigintcalc.sty
Package: bigintcalc 2019/12/15 v1.5 Expandable calculations on big integers (HO)
))
\Fld@menulength=\count274
\Field@Width=\dimen150
\Fld@charsize=\dimen151
Package hyperref Info: Hyper figures OFF on input line 6076.
Package hyperref Info: Link nesting OFF on input line 6081.
Package hyperref Info: Hyper index ON on input line 6084.
Package hyperref Info: backreferencing OFF on input line 6091.
Package hyperref Info: Link coloring OFF on input line 6096.
Package hyperref Info: Link coloring with OCG OFF on input line 6101.
Package hyperref Info: PDF/A mode OFF on input line 6106.
LaTeX Info: Redefining \ref on input line 6146.
LaTeX Info: Redefining \pageref on input line 6150.
 (/home/andrea/.TinyTeX/texmf-dist/tex/latex/base/atbegshi-ltx.sty
Package: atbegshi-ltx 2021/01/10 v1.0c Emulation of the original atbegshi
package with kernel methods
)
\Hy@abspage=\count275
\c@Item=\count276
\c@Hfootnote=\count277
)
Package hyperref Info: Driver (autodetected): hpdftex.
 (/home/andrea/.TinyTeX/texmf-dist/tex/latex/hyperref/hpdftex.def
File: hpdftex.def 2021-06-07 v7.00m Hyperref driver for pdfTeX
 (/home/andrea/.TinyTeX/texmf-dist/tex/latex/base/atveryend-ltx.sty
Package: atveryend-ltx 2020/08/19 v1.0a Emulation of the original atveryend package
with kernel methods
)
\Fld@listcount=\count278
\c@bookmark@seq@number=\count279
 (/home/andrea/.TinyTeX/texmf-dist/tex/latex/rerunfilecheck/rerunfilecheck.sty
Package: rerunfilecheck 2019/12/05 v1.9 Rerun checks for auxiliary files (HO)
 (/home/andrea/.TinyTeX/texmf-dist/tex/generic/uniquecounter/uniquecounter.sty
Package: uniquecounter 2019/12/15 v1.4 Provide unlimited unique counter (HO)
)
Package uniquecounter Info: New unique counter `rerunfilecheck' on input line 286.
)
\Hy@SectionHShift=\skip52
) (/home/andrea/.TinyTeX/texmf-dist/tex/latex/bookmark/bkm-pdftex.def
File: bkm-pdftex.def 2020-11-06 v1.29 bookmark driver for pdfTeX (HO)
\BKM@id=\count280
)) (/home/andrea/.TinyTeX/texmf-dist/tex/latex/fancyvrb/fancyvrb.sty
Package: fancyvrb 2021/10/15 v3.9 verbatim text (tvz,hv)
\FV@CodeLineNo=\count281
\FV@InFile=\read2
\FV@TabBox=\box52
\c@FancyVerbLine=\count282
\FV@StepNumber=\count283
\FV@OutFile=\write3
) (/home/andrea/.TinyTeX/texmf-dist/tex/latex/framed/framed.sty
Package: framed 2011/10/22 v 0.96: framed or shaded text with page breaks
\OuterFrameSep=\skip53
\fb@frw=\dimen152
\fb@frh=\dimen153
\FrameRule=\dimen154
\FrameSep=\dimen155
) (/home/andrea/.TinyTeX/texmf-dist/tex/latex/tools/longtable.sty
Package: longtable 2021-09-01 v4.17 Multi-page Table package (DPC)
\LTleft=\skip54
\LTright=\skip55
\LTpre=\skip56
\LTpost=\skip57
\LTchunksize=\count284
\LTcapwidth=\dimen156
\LT@head=\box53
\LT@firsthead=\box54
\LT@foot=\box55
\LT@lastfoot=\box56
\LT@gbox=\box57
\LT@cols=\count285
\LT@rows=\count286
\c@LT@tables=\count287
\c@LT@chunks=\count288
\LT@p@ftn=\toks25
) (/home/andrea/.TinyTeX/texmf-dist/tex/latex/booktabs/booktabs.sty
Package: booktabs 2020/01/12 v1.61803398 Publication quality tables
\heavyrulewidth=\dimen157
\lightrulewidth=\dimen158
\cmidrulewidth=\dimen159
\belowrulesep=\dimen160
\belowbottomsep=\dimen161
\aboverulesep=\dimen162
\abovetopsep=\dimen163
\cmidrulesep=\dimen164
\cmidrulekern=\dimen165
\defaultaddspace=\dimen166
\@cmidla=\count289
\@cmidlb=\count290
\@aboverulesep=\dimen167
\@belowrulesep=\dimen168
\@thisruleclass=\count291
\@lastruleclass=\count292
\@thisrulewidth=\dimen169
) (/home/andrea/.TinyTeX/texmf-dist/tex/latex/etoolbox/etoolbox.sty
Package: etoolbox 2020/10/05 v2.5k e-TeX tools for LaTeX (JAW)
\etb@tempcnta=\count293
) (/home/andrea/.TinyTeX/texmf-dist/tex/latex/mdwtools/footnote.sty
Package: footnote 1997/01/28 1.13 Save footnotes around boxes
\fn@notes=\box58
\fn@width=\dimen170
) (/home/andrea/.TinyTeX/texmf-dist/tex/latex/graphics/graphicx.sty
Package: graphicx 2021/09/16 v1.2d Enhanced LaTeX Graphics (DPC,SPQR)
 (/home/andrea/.TinyTeX/texmf-dist/tex/latex/graphics/graphics.sty
Package: graphics 2021/03/04 v1.4d Standard LaTeX Graphics (DPC,SPQR)
 (/home/andrea/.TinyTeX/texmf-dist/tex/latex/graphics/trig.sty
Package: trig 2021/08/11 v1.11 sin cos tan (DPC)
) (/home/andrea/.TinyTeX/texmf-dist/tex/latex/graphics-cfg/graphics.cfg
File: graphics.cfg 2016/06/04 v1.11 sample graphics configuration
)
Package graphics Info: Driver file: pdftex.def on input line 107.
)
\Gin@req@height=\dimen171
\Gin@req@width=\dimen172
) (/home/andrea/.TinyTeX/texmf-dist/tex/latex/pmboxdraw/pmboxdraw.sty
Package: pmboxdraw 2019/12/05 v1.4 Poor man's box drawing characters (HO)
Now handling font encoding pmboxdraw ...
... processing UTF-8 mapping file for font encoding pmboxdraw
 (/home/andrea/.TinyTeX/texmf-dist/tex/latex/pmboxdraw/pmboxdrawenc.dfu
File: pmboxdrawenc.dfu 2019/12/05 v1.4 UTF-8 support for box drawing characters
   defining Unicode char U+2500 (decimal 9472)
   defining Unicode char U+2501 (decimal 9473)
   defining Unicode char U+2502 (decimal 9474)
   defining Unicode char U+2503 (decimal 9475)
   defining Unicode char U+250C (decimal 9484)
   defining Unicode char U+250D (decimal 9485)
   defining Unicode char U+250E (decimal 9486)
   defining Unicode char U+250F (decimal 9487)
   defining Unicode char U+2510 (decimal 9488)
   defining Unicode char U+2511 (decimal 9489)
   defining Unicode char U+2512 (decimal 9490)
   defining Unicode char U+2513 (decimal 9491)
   defining Unicode char U+2514 (decimal 9492)
   defining Unicode char U+2515 (decimal 9493)
   defining Unicode char U+2516 (decimal 9494)
   defining Unicode char U+2517 (decimal 9495)
   defining Unicode char U+2518 (decimal 9496)
   defining Unicode char U+2519 (decimal 9497)
   defining Unicode char U+251A (decimal 9498)
   defining Unicode char U+251B (decimal 9499)
   defining Unicode char U+251C (decimal 9500)
   defining Unicode char U+251D (decimal 9501)
   defining Unicode char U+251E (decimal 9502)
   defining Unicode char U+251F (decimal 9503)
   defining Unicode char U+2520 (decimal 9504)
   defining Unicode char U+2521 (decimal 9505)
   defining Unicode char U+2522 (decimal 9506)
   defining Unicode char U+2523 (decimal 9507)
   defining Unicode char U+2524 (decimal 9508)
   defining Unicode char U+252C (decimal 9516)
   defining Unicode char U+252D (decimal 9517)
   defining Unicode char U+252E (decimal 9518)
   defining Unicode char U+252F (decimal 9519)
   defining Unicode char U+2530 (decimal 9520)
   defining Unicode char U+2531 (decimal 9521)
   defining Unicode char U+2532 (decimal 9522)
   defining Unicode char U+2533 (decimal 9523)
   defining Unicode char U+2534 (decimal 9524)
   defining Unicode char U+2535 (decimal 9525)
   defining Unicode char U+2536 (decimal 9526)
   defining Unicode char U+2537 (decimal 9527)
   defining Unicode char U+2538 (decimal 9528)
   defining Unicode char U+2539 (decimal 9529)
   defining Unicode char U+253A (decimal 9530)
   defining Unicode char U+253B (decimal 9531)
   defining Unicode char U+253C (decimal 9532)
   defining Unicode char U+253D (decimal 9533)
   defining Unicode char U+253E (decimal 9534)
   defining Unicode char U+253F (decimal 9535)
   defining Unicode char U+2540 (decimal 9536)
   defining Unicode char U+2541 (decimal 9537)
   defining Unicode char U+2542 (decimal 9538)
   defining Unicode char U+2543 (decimal 9539)
   defining Unicode char U+2544 (decimal 9540)
   defining Unicode char U+2545 (decimal 9541)
   defining Unicode char U+2546 (decimal 9542)
   defining Unicode char U+2547 (decimal 9543)
   defining Unicode char U+2548 (decimal 9544)
   defining Unicode char U+2549 (decimal 9545)
   defining Unicode char U+254A (decimal 9546)
   defining Unicode char U+254B (decimal 9547)
   defining Unicode char U+2550 (decimal 9552)
   defining Unicode char U+2551 (decimal 9553)
   defining Unicode char U+2552 (decimal 9554)
   defining Unicode char U+2553 (decimal 9555)
   defining Unicode char U+2554 (decimal 9556)
   defining Unicode char U+2555 (decimal 9557)
   defining Unicode char U+2556 (decimal 9558)
   defining Unicode char U+2557 (decimal 9559)
   defining Unicode char U+2558 (decimal 9560)
   defining Unicode char U+2559 (decimal 9561)
   defining Unicode char U+255A (decimal 9562)
   defining Unicode char U+255B (decimal 9563)
   defining Unicode char U+255C (decimal 9564)
   defining Unicode char U+255D (decimal 9565)
   defining Unicode char U+255E (decimal 9566)
   defining Unicode char U+255F (decimal 9567)
   defining Unicode char U+2560 (decimal 9568)
   defining Unicode char U+2561 (decimal 9569)
   defining Unicode char U+2562 (decimal 9570)
   defining Unicode char U+2563 (decimal 9571)
   defining Unicode char U+2564 (decimal 9572)
   defining Unicode char U+2565 (decimal 9573)
   defining Unicode char U+2566 (decimal 9574)
   defining Unicode char U+2567 (decimal 9575)
   defining Unicode char U+2568 (decimal 9576)
   defining Unicode char U+2569 (decimal 9577)
   defining Unicode char U+256A (decimal 9578)
   defining Unicode char U+256B (decimal 9579)
   defining Unicode char U+256C (decimal 9580)
   defining Unicode char U+2574 (decimal 9588)
   defining Unicode char U+2575 (decimal 9589)
   defining Unicode char U+2576 (decimal 9590)
   defining Unicode char U+2577 (decimal 9591)
   defining Unicode char U+2578 (decimal 9592)
   defining Unicode char U+2579 (decimal 9593)
   defining Unicode char U+257A (decimal 9594)
   defining Unicode char U+257B (decimal 9595)
   defining Unicode char U+257C (decimal 9596)
   defining Unicode char U+257D (decimal 9597)
   defining Unicode char U+257E (decimal 9598)
   defining Unicode char U+257F (decimal 9599)
   defining Unicode char U+2580 (decimal 9600)
   defining Unicode char U+2581 (decimal 9601)
   defining Unicode char U+2582 (decimal 9602)
   defining Unicode char U+2583 (decimal 9603)
   defining Unicode char U+2584 (decimal 9604)
   defining Unicode char U+2585 (decimal 9605)
   defining Unicode char U+2586 (decimal 9606)
   defining Unicode char U+2587 (decimal 9607)
   defining Unicode char U+2588 (decimal 9608)
   defining Unicode char U+2589 (decimal 9609)
   defining Unicode char U+258A (decimal 9610)
   defining Unicode char U+258B (decimal 9611)
   defining Unicode char U+258C (decimal 9612)
   defining Unicode char U+258D (decimal 9613)
   defining Unicode char U+258E (decimal 9614)
   defining Unicode char U+258F (decimal 9615)
   defining Unicode char U+2590 (decimal 9616)
   defining Unicode char U+2591 (decimal 9617)
   defining Unicode char U+2592 (decimal 9618)
   defining Unicode char U+2593 (decimal 9619)
   defining Unicode char U+2594 (decimal 9620)
   defining Unicode char U+2595 (decimal 9621)
   defining Unicode char U+2596 (decimal 9622)
   defining Unicode char U+2597 (decimal 9623)
   defining Unicode char U+2598 (decimal 9624)
   defining Unicode char U+2599 (decimal 9625)
   defining Unicode char U+259A (decimal 9626)
   defining Unicode char U+259B (decimal 9627)
   defining Unicode char U+259C (decimal 9628)
   defining Unicode char U+259D (decimal 9629)
   defining Unicode char U+259E (decimal 9630)
   defining Unicode char U+259F (decimal 9631)
)
\pmbd@W=\dimen173
\pmbd@H=\dimen174
\pmbd@L=\dimen175
\pmbd@Thin=\dimen176
\pmbd@Thick=\dimen177
\pmbd@Sep=\dimen178
) (/home/andrea/.TinyTeX/texmf-dist/tex/latex/float/float.sty
Package: float 2001/11/08 v1.3d Float enhancements (AL)
\c@float@type=\count294
\float@exts=\toks26
\float@box=\box59
\@float@everytoks=\toks27
\@floatcapt=\box60
) (/home/andrea/.TinyTeX/texmf-dist/tex/latex/natbib/natbib.sty
Package: natbib 2010/09/13 8.31b (PWD, AO)
\bibhang=\skip58
\bibsep=\skip59
LaTeX Info: Redefining \cite on input line 694.
\c@NAT@ctr=\count295
) (/home/andrea/.TinyTeX/texmf-dist/tex/latex/l3backend/l3backend-pdftex.def
File: l3backend-pdftex.def 2021-10-18 L3 backend support: PDF output (pdfTeX)
\l__color_backend_stack_int=\count296
\l__pdf_internal_box=\box61
) (./bookdown-demo.aux)
\openout1 = `bookdown-demo.aux'.

LaTeX Font Info:    Checking defaults for OML/cmm/m/it on input line 119.
LaTeX Font Info:    ... okay on input line 119.
LaTeX Font Info:    Checking defaults for OMS/cmsy/m/n on input line 119.
LaTeX Font Info:    ... okay on input line 119.
LaTeX Font Info:    Checking defaults for OT1/cmr/m/n on input line 119.
LaTeX Font Info:    ... okay on input line 119.
LaTeX Font Info:    Checking defaults for T1/cmr/m/n on input line 119.
LaTeX Font Info:    ... okay on input line 119.
LaTeX Font Info:    Checking defaults for TS1/cmr/m/n on input line 119.
LaTeX Font Info:    ... okay on input line 119.
LaTeX Font Info:    Checking defaults for OMX/cmex/m/n on input line 119.
LaTeX Font Info:    ... okay on input line 119.
LaTeX Font Info:    Checking defaults for U/cmr/m/n on input line 119.
LaTeX Font Info:    ... okay on input line 119.
LaTeX Font Info:    Checking defaults for PD1/pdf/m/n on input line 119.
LaTeX Font Info:    ... okay on input line 119.
LaTeX Font Info:    Checking defaults for PU/pdf/m/n on input line 119.
LaTeX Font Info:    ... okay on input line 119.
LaTeX Font Info:    Checking defaults for pmboxdraw/pmboxdraw/m/n on input line 119.
LaTeX Font Info:    ... okay on input line 119.
 (/home/andrea/.TinyTeX/texmf-dist/tex/latex/epstopdf-pkg/epstopdf-base.sty
Package: epstopdf-base 2020-01-24 v2.11 Base part for package epstopdf
Package epstopdf-base Info: Redefining graphics rule for `.eps' on input line 485.
 (/home/andrea/.TinyTeX/texmf-dist/tex/latex/latexconfig/epstopdf-sys.cfg
File: epstopdf-sys.cfg 2010/07/13 v1.3 Configuration of (r)epstopdf for TeX Live
))
Package hyperref Info: Link coloring OFF on input line 119.
 (/home/andrea/.TinyTeX/texmf-dist/tex/latex/hyperref/nameref.sty
Package: nameref 2021-04-02 v2.47 Cross-referencing by name of section
 (/home/andrea/.TinyTeX/texmf-dist/tex/latex/refcount/refcount.sty
Package: refcount 2019/12/15 v3.6 Data extraction from label references (HO)
) (/home/andrea/.TinyTeX/texmf-dist/tex/generic/gettitlestring/gettitlestring.sty
Package: gettitlestring 2019/12/15 v1.6 Cleanup title references (HO)
)
\c@section@level=\count297
)
LaTeX Info: Redefining \ref on input line 119.
LaTeX Info: Redefining \pageref on input line 119.
LaTeX Info: Redefining \nameref on input line 119.
LaTeX Font Info:    Trying to load font information for OT1+lmr on input line 121.
 (/home/andrea/.TinyTeX/texmf-dist/tex/latex/lm/ot1lmr.fd
File: ot1lmr.fd 2015/05/01 v1.6.1 Font defs for Latin Modern
)
LaTeX Font Info:    Trying to load font information for OML+lmm on input line 121.
 (/home/andrea/.TinyTeX/texmf-dist/tex/latex/lm/omllmm.fd
File: omllmm.fd 2015/05/01 v1.6.1 Font defs for Latin Modern
)
LaTeX Font Info:    Trying to load font information for OMS+lmsy on input line 121.
 (/home/andrea/.TinyTeX/texmf-dist/tex/latex/lm/omslmsy.fd
File: omslmsy.fd 2015/05/01 v1.6.1 Font defs for Latin Modern
)
LaTeX Font Info:    Trying to load font information for OMX+lmex on input line 121.
 (/home/andrea/.TinyTeX/texmf-dist/tex/latex/lm/omxlmex.fd
File: omxlmex.fd 2015/05/01 v1.6.1 Font defs for Latin Modern
)
LaTeX Font Info:    External font `lmex10' loaded for size
(Font)              <12> on input line 121.
LaTeX Font Info:    External font `lmex10' loaded for size
(Font)              <8> on input line 121.
LaTeX Font Info:    External font `lmex10' loaded for size
(Font)              <6> on input line 121.
LaTeX Font Info:    Trying to load font information for U+msa on input line 121.
 (/home/andrea/.TinyTeX/texmf-dist/tex/latex/amsfonts/umsa.fd
File: umsa.fd 2013/01/14 v3.01 AMS symbols A
)
LaTeX Font Info:    Trying to load font information for U+msb on input line 121.
 (/home/andrea/.TinyTeX/texmf-dist/tex/latex/amsfonts/umsb.fd
File: umsb.fd 2013/01/14 v3.01 AMS symbols B
) [1


{/home/andrea/.TinyTeX/texmf-var/fonts/map/pdftex/updmap/pdftex.map}] [2

]
\tf@toc=\write4
\openout4 = `bookdown-demo.toc'.

 [3] [4

]
Chapter 1.
[5] [6]
LaTeX Font Info:    External font `lmex10' loaded for size
(Font)              <10> on input line 150.
LaTeX Font Info:    External font `lmex10' loaded for size
(Font)              <7> on input line 150.
LaTeX Font Info:    External font `lmex10' loaded for size
(Font)              <5> on input line 150.
 [7]
LaTeX Font Info:    Trying to load font information for TS1+lmr on input line 169.
 (/home/andrea/.TinyTeX/texmf-dist/tex/latex/lm/ts1lmr.fd
File: ts1lmr.fd 2015/05/01 v1.6.1 Font defs for Latin Modern
) [8]
Underfull \hbox (badness 1038) in paragraph at lines 181--183
[]\T1/lmr/m/n/10 Per i pro-to-colli MPC, l'ambiente in cui il pro-to-collo opera è as-so-ci-ato
 []

[9] [10] [11] [12]

Package natbib Warning: Citation `Venturi2012' on page 13 undefined on input line 239.

[13] [14

]
Chapter 2.
[15]

LaTeX Warning: File `./media/01.png' not found on input line 265.


/home/andrea/Documenti/Tesi/scritto/_book/bookdown-demo.tex:265: Package pdftex.def Error: File `./media/01.png' not found: using draft setting.

See the pdftex.def package documentation for explanation.
Type  H <return>  for immediate help.
 ...                                              
                                                  
l.265 \includegraphics{./media/01.png}
                                      
Try typing  <return>  to proceed.
If that doesn't work, type  X <return>  to quit.

LaTeX Font Info:    Trying to load font information for T1+lmtt on input line 265.
(/home/andrea/.TinyTeX/texmf-dist/tex/latex/lm/t1lmtt.fd
File: t1lmtt.fd 2015/05/01 v1.6.1 Font defs for Latin Modern
) [16pdfTeX warning (ext4): destination with the same identifier (name{figure.2.1}) has been already used, duplicate ignored
<argument> ...shipout:D \box_use:N \l_shipout_box 
                                                  \__shipout_drop_firstpage_...
l.279 \newpage
              ]
Overfull \hbox (0.42409pt too wide) in paragraph at lines 300--301
[]\T1/lmr/m/n/10 La GTT $\OML/lmm/m/it/10 T$ \T1/lmr/m/n/10 del gate $\OML/lmm/m/it/10 G$ \T1/lmr/m/n/10 è sem-plice-mente l'insieme $[]$
 []

[17]

Package natbib Warning: Citation `INPROCEEDINGS' on page 18 undefined on input line 320.


Package natbib Warning: Citation `prog' on page 18 undefined on input line 320.


Package natbib Warning: Citation `kolesnikov2008improved' on page 18 undefined on input line 322.

[18]

LaTeX Warning: File `./media/02.png' not found on input line 333.


/home/andrea/Documenti/Tesi/scritto/_book/bookdown-demo.tex:333: Package pdftex.def Error: File `./media/02.png' not found: using draft setting.

See the pdftex.def package documentation for explanation.
Type  H <return>  for immediate help.
 ...                                              
                                                  
l.333 \includegraphics{./media/02.png}
                                      
Try typing  <return>  to proceed.
If that doesn't work, type  X <return>  to quit.


Package natbib Warning: Citation `4568207' on page 19 undefined on input line 337.

[19pdfTeX warning (ext4): destination with the same identifier (name{figure.2.2}) has been already used, duplicate ignored
<argument> ...shipout:D \box_use:N \l_shipout_box 
                                                  \__shipout_drop_firstpage_...
l.339 \newpage
              ]

LaTeX Warning: File `./media/03.png' not found on input line 346.


/home/andrea/Documenti/Tesi/scritto/_book/bookdown-demo.tex:346: Package pdftex.def Error: File `./media/03.png' not found: using draft setting.

See the pdftex.def package documentation for explanation.
Type  H <return>  for immediate help.
 ...                                              
                                                  
l.346 \includegraphics{./media/03.png}
                                      
Try typing  <return>  to proceed.
If that doesn't work, type  X <return>  to quit.


Package natbib Warning: Citation `hemenway2014achieving' on page 20 undefined on input line 360.

[20pdfTeX warning (ext4): destination with the same identifier (name{figure.2.3}) has been already used, duplicate ignored
<argument> ...shipout:D \box_use:N \l_shipout_box 
                                                  \__shipout_drop_firstpage_...
l.363 ...circuiti}\label{la-sintesi-dei-circuiti}}
                                                  ]
Chapter 3.

Package natbib Warning: Citation `brayton1999multi' on page 21 undefined on input line 365.

[21

] [22]

Package natbib Warning: Citation `mvsis' on page 23 undefined on input line 398.

[23]

Package natbib Warning: Citation `chai2003mvsis' on page 24 undefined on input line 440.


Package natbib Warning: Citation `yang1991logic' on page 24 undefined on input line 440.

[24]

Package natbib Warning: Citation `mishchenko2007abc' on page 25 undefined on input line 462.

[25]

Package natbib Warning: Citation `ICCAD97' on page 26 undefined on input line 482.


Package natbib Warning: Citation `TCAD92' on page 26 undefined on input line 484.

[26] [27]

Package natbib Warning: Citation `manual2006quick' on page 28 undefined on input line 512.


Package natbib Warning: Citation `ICCD_1997' on page 28 undefined on input line 536.

[28]
Chapter 4.
[29

]

Package natbib Warning: Citation `gao2002optimization' on page 30 undefined on input line 588.


Underfull \hbox (badness 1824) in paragraph at lines 588--589
\T1/lmr/m/n/10 disponi-bil-ità della re-al-iz-zazione di questi cir-cuiti che de-vono co-munque
 []

[30] [31]

Package natbib Warning: Citation `Dubrova2002' on page 32 undefined on input line 633.

[32]

LaTeX Warning: File `./media/04.png' not found on input line 648.


/home/andrea/Documenti/Tesi/scritto/_book/bookdown-demo.tex:648: Package pdftex.def Error: File `./media/04.png' not found: using draft setting.

See the pdftex.def package documentation for explanation.
Type  H <return>  for immediate help.
 ...                                              
                                                  
l.648 ...width,height=\textheight]{./media/04.png}
                                                  
Try typing  <return>  to proceed.
If that doesn't work, type  X <return>  to quit.

[33] [34] [35] [36] [37] [38] [39] [40]
LaTeX Font Info:    Font shape `T1/lmtt/bx/n' in size <10> not available
(Font)              Font shape `T1/lmtt/b/n' tried instead on input line 849.
LaTeX Font Info:    Trying to load font information for TS1+lmtt on input line 855.
 (/home/andrea/.TinyTeX/texmf-dist/tex/latex/lm/ts1lmtt.fd
File: ts1lmtt.fd 2015/05/01 v1.6.1 Font defs for Latin Modern
) [41] [42] [43] [44] [45] [46] [47] [48] [49] [50]

Package natbib Warning: Citation `kukimoto1996blif' on page 51 undefined on input line 1246.

[51] [52] [53] [54] [55] [56] [57] [58] [59] [60] [61] [62

]
Chapter 5.
[63] [64]
Overfull \hbox (7.09795pt too wide) in paragraph at lines 1685--1686
[]\T1/lmr/m/n/10 NOME 
 []


Overfull \hbox (0.98567pt too wide) in paragraph at lines 1685--1686
\T1/lmr/m/n/10 CIRC|  
 []


Overfull \hbox (5.03786pt too wide) in paragraph at lines 1689--1690
[]\T1/lmr/m/n/10 INPUT 
 []


Overfull \hbox (3.78786pt too wide) in paragraph at lines 1689--1690
\T1/lmr/m/n/10 ALICE|  
 []


Overfull \hbox (8.48596pt too wide) in paragraph at lines 1691--1692
[]\T1/lmr/m/n/10 INPUT 
 []


Overfull \hbox (16.03522pt too wide) in paragraph at lines 1693--1694
[]\T1/lmr/m/n/10 DOMINIO 
 []


Overfull \hbox (1.8679pt too wide) in paragraph at lines 1693--1694
\T1/lmr/m/n/10 MULTI|  
 []


Overfull \hbox (5.03786pt too wide) in paragraph at lines 1697--1698
[]\T1/lmr/m/n/10 INPUT 
 []


Overfull \hbox (3.78786pt too wide) in paragraph at lines 1697--1698
\T1/lmr/m/n/10 ALICE|  
 []


Overfull \hbox (8.48596pt too wide) in paragraph at lines 1699--1700
[]\T1/lmr/m/n/10 INPUT 
 []


Overfull \hbox (20.36096pt too wide) in paragraph at lines 1701--1702
\T1/lmr/m/n/10 Guadagno|  
 []


Overfull \hbox (13.20877pt too wide) in alignment at lines 1682--1704
 [] [] [] [] [] [] [] [] [] 
 []


Overfull \hbox (9.18047pt too wide) in paragraph at lines 1722--1723
\T1/lmr/m/n/10 10042%|  
 []


Overfull \hbox (9.18047pt too wide) in paragraph at lines 1760--1761
\T1/lmr/m/n/10 46412%|  
 []


Overfull \hbox (15.29173pt too wide) in paragraph at lines 1839--1840
[]\T1/lmr/m/n/10 newtpla2|  
 []


Overfull \hbox (4.18047pt too wide) in paragraph at lines 1855--1856
\T1/lmr/m/n/10 4167%|  
 []


Overfull \hbox (4.18047pt too wide) in paragraph at lines 1912--1913
\T1/lmr/m/n/10 9053%|  
 []


Overfull \hbox (4.18047pt too wide) in paragraph at lines 1931--1932
\T1/lmr/m/n/10 6071%|  
 []


Overfull \hbox (1.40297pt too wide) in paragraph at lines 1953--1954
[]\T1/lmr/m/n/10 bench|  
 []


Overfull \hbox (3.60168pt too wide) in paragraph at lines 1982--1983
[]\T1/lmr/m/n/10 117440512|  
 []


Overfull \hbox (24.18047pt too wide) in paragraph at lines 1988--1989
\T1/lmr/m/n/10 26331853%|  
 []


Overfull \hbox (15.29173pt too wide) in paragraph at lines 1991--1992
[]\T1/lmr/m/n/10 newtpla1|  
 []


Overfull \hbox (4.18047pt too wide) in paragraph at lines 2007--2008
\T1/lmr/m/n/10 3003%|  
 []


Overfull \hbox (11.12494pt too wide) in paragraph at lines 2029--2030
[]\T1/lmr/m/n/10 newapla|  
 []


Overfull \hbox (9.18047pt too wide) in paragraph at lines 2045--2046
\T1/lmr/m/n/10 11620%|  
 []


Overfull \hbox (4.18047pt too wide) in paragraph at lines 2083--2084
\T1/lmr/m/n/10 4203%|  
 []


Overfull \hbox (4.18047pt too wide) in paragraph at lines 2102--2103
\T1/lmr/m/n/10 6402%|  
 []


Overfull \hbox (17.79199pt too wide) in paragraph at lines 2219--2220
[]\T1/lmr/m/n/10 bcd_div3|  
 []


Overfull \hbox (24.18047pt too wide) in paragraph at lines 2273--2274
\T1/lmr/m/n/10 12683997%|  
 []


Overfull \hbox (13.54605pt too wide) in paragraph at lines 2286--2287
[]\T1/lmr/bx/n/10 4731943,63|  
 []


Overfull \hbox (19.29187pt too wide) in paragraph at lines 2292--2293
\T1/lmr/bx/n/10 13039,51|  
 []


Overfull \hbox (2.0228pt too wide) in paragraph at lines 2297--2298
[]\T1/lmr/bx/n/10 COSTO 
 []


Overfull \hbox (2.34123pt too wide) in paragraph at lines 2297--2298
\T1/lmr/bx/n/10 MEDIO|  
 []


Overfull \hbox (13.20877pt too wide) in alignment at lines 1704--2314
 [] [] [] [] [] [] [] [] [] 
 []

[65]
Overfull \hbox (7.09795pt too wide) in paragraph at lines 2326--2327
[]\T1/lmr/m/n/10 NOME 
 []


Overfull \hbox (0.98567pt too wide) in paragraph at lines 2326--2327
\T1/lmr/m/n/10 CIRC|  
 []


Overfull \hbox (5.03786pt too wide) in paragraph at lines 2330--2331
[]\T1/lmr/m/n/10 INPUT 
 []


Overfull \hbox (3.78786pt too wide) in paragraph at lines 2330--2331
\T1/lmr/m/n/10 ALICE|  
 []


Overfull \hbox (8.48596pt too wide) in paragraph at lines 2332--2333
[]\T1/lmr/m/n/10 INPUT 
 []


Overfull \hbox (16.03522pt too wide) in paragraph at lines 2334--2335
[]\T1/lmr/m/n/10 DOMINIO 
 []


Overfull \hbox (1.8679pt too wide) in paragraph at lines 2334--2335
\T1/lmr/m/n/10 MULTI|  
 []


Overfull \hbox (33.60167pt too wide) in paragraph at lines 2336--2337
\T1/lmr/m/n/10 MULTIVALORE|  
 []


Overfull \hbox (5.03786pt too wide) in paragraph at lines 2338--2339
[]\T1/lmr/m/n/10 INPUT 
 []


Overfull \hbox (3.78786pt too wide) in paragraph at lines 2338--2339
\T1/lmr/m/n/10 ALICE|  
 []


Overfull \hbox (8.48596pt too wide) in paragraph at lines 2340--2341
[]\T1/lmr/m/n/10 INPUT 
 []


Overfull \hbox (36.4029pt too wide) in paragraph at lines 2342--2343
\T1/lmr/m/n/10 GUADAGNO|  
 []


Overfull \hbox (13.20877pt too wide) in alignment at lines 2323--2345
 [] [] [] [] [] [] [] [] [] 
 []


Overfull \hbox (15.29173pt too wide) in paragraph at lines 2480--2481
[]\T1/lmr/m/n/10 newtpla2|  
 []


Overfull \hbox (1.40297pt too wide) in paragraph at lines 2594--2595
[]\T1/lmr/m/n/10 bench|  
 []


Overfull \hbox (3.60168pt too wide) in paragraph at lines 2623--2624
[]\T1/lmr/m/n/10 117440512|  
 []


Overfull \hbox (4.18047pt too wide) in paragraph at lines 2629--2630
\T1/lmr/m/n/10 6300%|  
 []


Overfull \hbox (15.29173pt too wide) in paragraph at lines 2632--2633
[]\T1/lmr/m/n/10 newtpla1|  
 []


Overfull \hbox (11.12494pt too wide) in paragraph at lines 2670--2671
[]\T1/lmr/m/n/10 newapla|  
 []


Overfull \hbox (17.79199pt too wide) in paragraph at lines 2860--2861
[]\T1/lmr/m/n/10 bcd_div3|  
 []


Overfull \hbox (3.60168pt too wide) in paragraph at lines 2908--2909
[]\T1/lmr/m/n/10 335544320|  
 []


Overfull \hbox (9.18047pt too wide) in paragraph at lines 2914--2915
\T1/lmr/m/n/10 25500%|  
 []


Overfull \hbox (4.82755pt too wide) in paragraph at lines 2919--2920
[]\T1/lmr/m/n/10 221982,07|  
 []


Overfull \hbox (11.37944pt too wide) in paragraph at lines 2927--2928
[]\T1/lmr/m/n/10 15153786,67|  
 []


Overfull \hbox (13.20877pt too wide) in alignment at lines 2345--2955
 [] [] [] [] [] [] [] [] [] 
 []

[66] [67]
Overfull \hbox (7.09795pt too wide) in paragraph at lines 2964--2965
[]\T1/lmr/m/n/10 NOME 
 []


Overfull \hbox (0.98567pt too wide) in paragraph at lines 2964--2965
\T1/lmr/m/n/10 CIRC|  
 []


Overfull \hbox (5.03786pt too wide) in paragraph at lines 2968--2969
[]\T1/lmr/m/n/10 INPUT 
 []


Overfull \hbox (3.78786pt too wide) in paragraph at lines 2968--2969
\T1/lmr/m/n/10 ALICE|  
 []


Overfull \hbox (8.48596pt too wide) in paragraph at lines 2970--2971
[]\T1/lmr/m/n/10 INPUT 
 []


Overfull \hbox (16.03522pt too wide) in paragraph at lines 2972--2973
[]\T1/lmr/m/n/10 DOMINIO 
 []


Overfull \hbox (1.8679pt too wide) in paragraph at lines 2972--2973
\T1/lmr/m/n/10 MULTI|  
 []


Overfull \hbox (33.60167pt too wide) in paragraph at lines 2974--2975
\T1/lmr/m/n/10 MULTIVALORE|  
 []


Overfull \hbox (5.03786pt too wide) in paragraph at lines 2976--2977
[]\T1/lmr/m/n/10 INPUT 
 []


Overfull \hbox (3.78786pt too wide) in paragraph at lines 2976--2977
\T1/lmr/m/n/10 ALICE|  
 []


Overfull \hbox (8.48596pt too wide) in paragraph at lines 2978--2979
[]\T1/lmr/m/n/10 INPUT 
 []


Overfull \hbox (36.4029pt too wide) in paragraph at lines 2980--2981
\T1/lmr/m/n/10 GUADAGNO|  
 []


Overfull \hbox (13.20877pt too wide) in alignment at lines 2961--2983
 [] [] [] [] [] [] [] [] [] 
 []


Overfull \hbox (9.18047pt too wide) in paragraph at lines 3001--3002
\T1/lmr/m/n/10 10042%|  
 []


Overfull \hbox (9.18047pt too wide) in paragraph at lines 3039--3040
\T1/lmr/m/n/10 46412%|  
 []


Overfull \hbox (15.29173pt too wide) in paragraph at lines 3118--3119
[]\T1/lmr/m/n/10 newtpla2|  
 []


Overfull \hbox (4.18047pt too wide) in paragraph at lines 3134--3135
\T1/lmr/m/n/10 4167%|  
 []


Overfull \hbox (4.18047pt too wide) in paragraph at lines 3191--3192
\T1/lmr/m/n/10 4477%|  
 []


Overfull \hbox (4.18047pt too wide) in paragraph at lines 3210--3211
\T1/lmr/m/n/10 4836%|  
 []


Overfull \hbox (1.40297pt too wide) in paragraph at lines 3232--3233
[]\T1/lmr/m/n/10 bench|  
 []


Overfull \hbox (0.96292pt too wide) in paragraph at lines 3261--3262
[]\T1/lmr/m/n/10 1,17E+08|  
 []


Overfull \hbox (24.18047pt too wide) in paragraph at lines 3267--3268
\T1/lmr/m/n/10 26331853%|  
 []


Overfull \hbox (15.29173pt too wide) in paragraph at lines 3270--3271
[]\T1/lmr/m/n/10 newtpla1|  
 []


Overfull \hbox (4.18047pt too wide) in paragraph at lines 3286--3287
\T1/lmr/m/n/10 3003%|  
 []


Overfull \hbox (11.12494pt too wide) in paragraph at lines 3308--3309
[]\T1/lmr/m/n/10 newapla|  
 []


Overfull \hbox (9.18047pt too wide) in paragraph at lines 3324--3325
\T1/lmr/m/n/10 11620%|  
 []


Overfull \hbox (4.18047pt too wide) in paragraph at lines 3362--3363
\T1/lmr/m/n/10 3342%|  
 []


Overfull \hbox (4.18047pt too wide) in paragraph at lines 3381--3382
\T1/lmr/m/n/10 3151%|  
 []


Overfull \hbox (17.79199pt too wide) in paragraph at lines 3498--3499
[]\T1/lmr/m/n/10 bcd_div3|  
 []


Overfull \hbox (24.18047pt too wide) in paragraph at lines 3552--3553
\T1/lmr/m/n/10 12683997%|  
 []


Overfull \hbox (6.37944pt too wide) in paragraph at lines 3565--3566
[]\T1/lmr/m/n/10 4716541,87|  
 []


Overfull \hbox (13.20877pt too wide) in alignment at lines 2983--3593
 [] [] [] [] [] [] [] [] [] 
 []

[68] [69] [70]
Overfull \hbox (7.09795pt too wide) in paragraph at lines 3630--3631
[]\T1/lmr/m/n/10 NOME 
 []


Overfull \hbox (0.98567pt too wide) in paragraph at lines 3630--3631
\T1/lmr/m/n/10 CIRC|  
 []


Overfull \hbox (5.03786pt too wide) in paragraph at lines 3634--3635
[]\T1/lmr/m/n/10 INPUT 
 []


Overfull \hbox (3.78786pt too wide) in paragraph at lines 3634--3635
\T1/lmr/m/n/10 ALICE|  
 []


Overfull \hbox (8.48596pt too wide) in paragraph at lines 3636--3637
[]\T1/lmr/m/n/10 INPUT 
 []


Overfull \hbox (16.03522pt too wide) in paragraph at lines 3638--3639
[]\T1/lmr/m/n/10 DOMINIO 
 []


Overfull \hbox (1.8679pt too wide) in paragraph at lines 3638--3639
\T1/lmr/m/n/10 MULTI|  
 []


Overfull \hbox (33.60167pt too wide) in paragraph at lines 3640--3641
\T1/lmr/m/n/10 MULTIVALORE|  
 []


Overfull \hbox (5.03786pt too wide) in paragraph at lines 3642--3643
[]\T1/lmr/m/n/10 INPUT 
 []


Overfull \hbox (3.78786pt too wide) in paragraph at lines 3642--3643
\T1/lmr/m/n/10 ALICE|  
 []


Overfull \hbox (8.48596pt too wide) in paragraph at lines 3644--3645
[]\T1/lmr/m/n/10 INPUT 
 []


Overfull \hbox (36.4029pt too wide) in paragraph at lines 3646--3647
\T1/lmr/m/n/10 GUADAGNO|  
 []


Overfull \hbox (13.20877pt too wide) in alignment at lines 3627--3649
 [] [] [] [] [] [] [] [] [] 
 []


Overfull \hbox (15.29173pt too wide) in paragraph at lines 3784--3785
[]\T1/lmr/m/n/10 newtpla2|  
 []


Overfull \hbox (1.40297pt too wide) in paragraph at lines 3898--3899
[]\T1/lmr/m/n/10 bench|  
 []


Overfull \hbox (15.29173pt too wide) in paragraph at lines 3936--3937
[]\T1/lmr/m/n/10 newtpla1|  
 []


Overfull \hbox (11.12494pt too wide) in paragraph at lines 3974--3975
[]\T1/lmr/m/n/10 newapla|  
 []


Overfull \hbox (17.79199pt too wide) in paragraph at lines 4164--4165
[]\T1/lmr/m/n/10 bcd_div3|  
 []


Overfull \hbox (13.20877pt too wide) in alignment at lines 3649--4259
 [] [] [] [] [] [] [] [] [] 
 []

[71]
Underfull \hbox (badness 1163) in paragraph at lines 4266--4267
\T1/lmr/m/n/10 Come ul-timo test, come in MV-SIS, ab-bi-amo de-ciso di ap-pli-care an-che
 []


Overfull \hbox (7.09795pt too wide) in paragraph at lines 4271--4272
[]\T1/lmr/m/n/10 NOME 
 []


Overfull \hbox (0.98567pt too wide) in paragraph at lines 4271--4272
\T1/lmr/m/n/10 CIRC|  
 []


Overfull \hbox (5.03786pt too wide) in paragraph at lines 4275--4276
[]\T1/lmr/m/n/10 INPUT 
 []


Overfull \hbox (3.78786pt too wide) in paragraph at lines 4275--4276
\T1/lmr/m/n/10 ALICE|  
 []


Overfull \hbox (8.48596pt too wide) in paragraph at lines 4277--4278
[]\T1/lmr/m/n/10 INPUT 
 []


Overfull \hbox (16.03522pt too wide) in paragraph at lines 4279--4280
[]\T1/lmr/m/n/10 DOMINIO 
 []


Overfull \hbox (1.8679pt too wide) in paragraph at lines 4279--4280
\T1/lmr/m/n/10 MULTI|  
 []


Overfull \hbox (33.60167pt too wide) in paragraph at lines 4281--4282
\T1/lmr/m/n/10 MULTIVALORE|  
 []


Overfull \hbox (5.03786pt too wide) in paragraph at lines 4283--4284
[]\T1/lmr/m/n/10 INPUT 
 []


Overfull \hbox (3.78786pt too wide) in paragraph at lines 4283--4284
\T1/lmr/m/n/10 ALICE|  
 []


Overfull \hbox (8.48596pt too wide) in paragraph at lines 4285--4286
[]\T1/lmr/m/n/10 INPUT 
 []


Overfull \hbox (36.4029pt too wide) in paragraph at lines 4287--4288
\T1/lmr/m/n/10 GUADAGNO|  
 []


Overfull \hbox (13.20877pt too wide) in alignment at lines 4268--4290
 [] [] [] [] [] [] [] [] [] 
 []


Overfull \hbox (15.29173pt too wide) in paragraph at lines 4425--4426
[]\T1/lmr/m/n/10 newtpla2|  
 []


Overfull \hbox (1.40297pt too wide) in paragraph at lines 4539--4540
[]\T1/lmr/m/n/10 bench|  
 []


Overfull \hbox (15.29173pt too wide) in paragraph at lines 4577--4578
[]\T1/lmr/m/n/10 newtpla1|  
 []


Overfull \hbox (11.12494pt too wide) in paragraph at lines 4615--4616
[]\T1/lmr/m/n/10 newapla|  
 []


Overfull \hbox (4.18047pt too wide) in paragraph at lines 4726--4727
\T1/lmr/m/n/10 1133%|  
 []


Overfull \hbox (17.79199pt too wide) in paragraph at lines 4805--4806
[]\T1/lmr/m/n/10 bcd_div3|  
 []


Overfull \hbox (13.20877pt too wide) in alignment at lines 4290--4900
 [] [] [] [] [] [] [] [] [] 
 []

[72] [73] [74]
Overfull \hbox (143.81857pt too wide) in alignment at lines 4917--4921
 [] [] [] [] [] [] 
 []


Overfull \hbox (143.81857pt too wide) in alignment at lines 4921--4946
 [] [] [] [] [] [] 
 []

[75]
No file bookdown-demo.bbl.

Package natbib Warning: There were undefined citations.

[76] (./bookdown-demo.aux)

LaTeX Warning: Label(s) may have changed. Rerun to get cross-references right.

 ) 
Here is how much of TeX's memory you used:
 12730 strings out of 480331
 194950 string characters out of 5897641
 539229 words of memory out of 5000000
 30136 multiletter control sequences out of 15000+600000
 475628 words of font info for 78 fonts, out of 8000000 for 9000
 14 hyphenation exceptions out of 8191
 74i,13n,77p,1345b,448s stack positions out of 5000i,500n,10000p,200000b,80000s
{/home/andrea/.TinyTeX/texmf-dist/fonts/enc/dvips/lm/lm-ec.enc}{/home/andrea/.TinyTeX/texmf-dist/fonts/enc/dvips/lm/lm-ts1.enc}{/home/andrea/.TinyTeX/texmf-dist/fonts/enc/dvips/lm/lm-mathsy.enc}{/home/andrea/.TinyTeX/texmf-dist/fonts/enc/dvips/lm/lm-mathit.enc}{/home/andrea/.TinyTeX/texmf-dist/fonts/enc/dvips/lm/lm-mathex.enc}{/home/andrea/.TinyTeX/texmf-dist/fonts/enc/dvips/lm/lm-rm.enc}</home/andrea/.TinyTeX/texmf-dist/fonts/type1/public/lm/lmbx10.pfb></home/andrea/.TinyTeX/texmf-dist/fonts/type1/public/lm/lmbx12.pfb></home/andrea/.TinyTeX/texmf-dist/fonts/type1/public/lm/lmex10.pfb></home/andrea/.TinyTeX/texmf-dist/fonts/type1/public/lm/lmmi10.pfb></home/andrea/.TinyTeX/texmf-dist/fonts/type1/public/lm/lmmi5.pfb></home/andrea/.TinyTeX/texmf-dist/fonts/type1/public/lm/lmmi7.pfb></home/andrea/.TinyTeX/texmf-dist/fonts/type1/public/lm/lmr10.pfb></home/andrea/.TinyTeX/texmf-dist/fonts/type1/public/lm/lmr12.pfb></home/andrea/.TinyTeX/texmf-dist/fonts/type1/public/lm/lmr17.pfb></home/andrea/.TinyTeX/texmf-dist/fonts/type1/public/lm/lmr5.pfb></home/andrea/.TinyTeX/texmf-dist/fonts/type1/public/lm/lmr7.pfb></home/andrea/.TinyTeX/texmf-dist/fonts/type1/public/lm/lmri10.pfb></home/andrea/.TinyTeX/texmf-dist/fonts/type1/public/lm/lmro10.pfb></home/andrea/.TinyTeX/texmf-dist/fonts/type1/public/lm/lmsy10.pfb></home/andrea/.TinyTeX/texmf-dist/fonts/type1/public/lm/lmsy7.pfb></home/andrea/.TinyTeX/texmf-dist/fonts/type1/public/lm/lmtk10.pfb></home/andrea/.TinyTeX/texmf-dist/fonts/type1/public/lm/lmtt10.pfb></home/andrea/.TinyTeX/texmf-dist/fonts/type1/public/lm/lmtti10.pfb></home/andrea/.TinyTeX/texmf-dist/fonts/type1/public/amsfonts/symbols/msbm10.pfb>
Output written on bookdown-demo.pdf (76 pages, 476308 bytes).
PDF statistics:
 700 PDF objects out of 1000 (max. 8388607)
 575 compressed objects within 6 object streams
 208 named destinations out of 1000 (max. 500000)
 217 words of extra memory for PDF output out of 10000 (max. 10000000)

